2023-06-13 12:42:58,256 INFO o.a.j.u.JMeterUtils: Setting Locale to en_CA
2023-06-13 12:42:58,522 INFO o.a.j.JMeter: Loading user properties from: user.properties
2023-06-13 12:42:58,542 INFO o.a.j.JMeter: Loading system properties from: system.properties
2023-06-13 12:42:58,617 INFO o.a.j.JMeter: Copyright (c) 1998-2022 The Apache Software Foundation
2023-06-13 12:42:58,617 INFO o.a.j.JMeter: Version 5.5
2023-06-13 12:42:58,617 INFO o.a.j.JMeter: java.version=20.0.1
2023-06-13 12:42:58,617 INFO o.a.j.JMeter: java.vm.name=Java HotSpot(TM) 64-Bit Server VM
2023-06-13 12:42:58,617 INFO o.a.j.JMeter: os.name=Windows 11
2023-06-13 12:42:58,617 INFO o.a.j.JMeter: os.arch=amd64
2023-06-13 12:42:58,617 INFO o.a.j.JMeter: os.version=10.0
2023-06-13 12:42:58,618 INFO o.a.j.JMeter: file.encoding=UTF-8
2023-06-13 12:42:58,618 INFO o.a.j.JMeter: java.awt.headless=null
2023-06-13 12:42:58,618 INFO o.a.j.JMeter: Max memory     =2088763392
2023-06-13 12:42:58,618 INFO o.a.j.JMeter: Available Processors =12
2023-06-13 12:42:58,712 INFO o.a.j.JMeter: Default Locale=English (Canada)
2023-06-13 12:42:58,712 INFO o.a.j.JMeter: JMeter  Locale=English (Canada)
2023-06-13 12:42:58,712 INFO o.a.j.JMeter: JMeterHome=D:\Soft\apache-jmeter-5.5\apache-jmeter-5.5
2023-06-13 12:42:58,713 INFO o.a.j.JMeter: user.dir  =D:\Soft\apache-jmeter-5.5\apache-jmeter-5.5\bin
2023-06-13 12:42:58,713 INFO o.a.j.JMeter: PWD       =D:\Soft\apache-jmeter-5.5\apache-jmeter-5.5\bin
2023-06-13 12:42:58,750 INFO o.a.j.JMeter: IP: 10.0.0.147 Name: DESKTOP-BA0K033 FullName: 10.0.0.147
2023-06-13 12:42:58,962 INFO o.a.j.JMeter: Loaded icon properties from org/apache/jmeter/images/icon.properties
2023-06-13 12:43:00,563 INFO o.a.j.JMeterGuiLauncher: Setting LAF to: com.github.weisj.darklaf.DarkLaf:com.github.weisj.darklaf.theme.DarculaTheme
2023-06-13 12:51:12,375 INFO o.a.j.p.h.s.HTTPSamplerBase: Parser for text/html is org.apache.jmeter.protocol.http.parser.LagartoBasedHtmlParser
2023-06-13 12:51:12,376 INFO o.a.j.p.h.s.HTTPSamplerBase: Parser for application/xhtml+xml is org.apache.jmeter.protocol.http.parser.LagartoBasedHtmlParser
2023-06-13 12:51:12,376 INFO o.a.j.p.h.s.HTTPSamplerBase: Parser for application/xml is org.apache.jmeter.protocol.http.parser.LagartoBasedHtmlParser
2023-06-13 12:51:12,376 INFO o.a.j.p.h.s.HTTPSamplerBase: Parser for text/xml is org.apache.jmeter.protocol.http.parser.LagartoBasedHtmlParser
2023-06-13 12:51:12,376 INFO o.a.j.p.h.s.HTTPSamplerBase: Parser for text/vnd.wap.wml is org.apache.jmeter.protocol.http.parser.RegexpHTMLParser
2023-06-13 12:51:12,376 INFO o.a.j.p.h.s.HTTPSamplerBase: Parser for text/css is org.apache.jmeter.protocol.http.parser.CssParser
2023-06-13 13:02:02,361 INFO o.a.j.s.FileServer: Default base='D:\Soft\apache-jmeter-5.5\apache-jmeter-5.5\bin'
2023-06-13 13:02:02,361 INFO o.a.j.s.FileServer: Set new base='D:\Soft\apache-jmeter-5.5\apache-jmeter-5.5\bin'
2023-06-13 13:02:03,022 INFO o.a.j.s.SaveService: Testplan (JMX) version: 2.2. Testlog (JTL) version: 2.2
2023-06-13 13:02:03,221 INFO o.a.j.s.SaveService: Using SaveService properties version 5.0
2023-06-13 13:02:03,223 INFO o.a.j.s.SaveService: Using SaveService properties file encoding UTF-8
2023-06-13 13:03:11,499 INFO o.a.j.s.SampleResult: Note: Sample TimeStamps are START times
2023-06-13 13:03:11,500 INFO o.a.j.s.SampleResult: sampleresult.default.encoding is set to ISO-8859-1
2023-06-13 13:03:11,500 INFO o.a.j.s.SampleResult: sampleresult.useNanoTime=true
2023-06-13 13:03:11,500 INFO o.a.j.s.SampleResult: sampleresult.nanoThreadSleep=5000
2023-06-13 13:03:11,822 INFO o.a.j.v.ViewResultsFullVisualizer: Add JavaFX to your Java installation if you want to use renderer: org.apache.jmeter.visualizers.RenderInBrowser
2023-06-13 13:04:03,288 INFO o.a.j.e.StandardJMeterEngine: Running the test!
2023-06-13 13:04:03,289 INFO o.a.j.s.SampleEvent: List of sample_variables: []
2023-06-13 13:04:03,289 INFO o.a.j.s.SampleEvent: List of sample_variables: []
2023-06-13 13:04:03,290 INFO o.a.j.e.u.CompoundVariable: Note: Function class names must contain the string: '.functions.'
2023-06-13 13:04:03,290 INFO o.a.j.e.u.CompoundVariable: Note: Function class names must not contain the string: '.gui.'
2023-06-13 13:04:03,417 INFO o.a.j.g.u.JMeterMenuBar: setRunning(true, *local*)
2023-06-13 13:04:03,506 INFO o.a.j.e.StandardJMeterEngine: Starting ThreadGroup: 1 : Trello API Tread Group
2023-06-13 13:04:03,507 INFO o.a.j.e.StandardJMeterEngine: Starting 1 threads for group Trello API Tread Group.
2023-06-13 13:04:03,507 INFO o.a.j.e.StandardJMeterEngine: Thread will continue on error
2023-06-13 13:04:03,507 INFO o.a.j.t.ThreadGroup: Starting thread group... number=1 threads=1 ramp-up=1 delayedStart=false
2023-06-13 13:04:03,510 INFO o.a.j.t.ThreadGroup: Started thread group number 1
2023-06-13 13:04:03,510 INFO o.a.j.e.StandardJMeterEngine: All thread groups have been started
2023-06-13 13:04:03,510 INFO o.a.j.t.JMeterThread: Thread started: Trello API Tread Group 1-1
2023-06-13 13:04:03,595 INFO o.a.j.p.h.s.HTTPHCAbstractImpl: Local host = DESKTOP-BA0K033
2023-06-13 13:04:03,614 INFO o.a.j.p.h.s.HTTPHC4Impl: HTTP request retry count = 0
2023-06-13 13:04:03,991 INFO o.a.j.p.h.s.h.LazyLayeredConnectionSocketFactory: Setting up HTTPS TrustAll Socket Factory
2023-06-13 13:04:03,994 INFO o.a.j.u.JsseSSLManager: Using default SSL protocol: TLS
2023-06-13 13:04:03,994 INFO o.a.j.u.JsseSSLManager: SSL session context: per-thread
2023-06-13 13:04:04,786 INFO o.a.j.u.SSLManager: JmeterKeyStore Location:  type JKS
2023-06-13 13:04:04,789 INFO o.a.j.u.SSLManager: KeyStore created OK
2023-06-13 13:04:04,789 WARN o.a.j.u.SSLManager: Keystore file not found, loading empty keystore
2023-06-13 13:04:06,036 INFO o.a.j.t.JMeterThread: Thread is done: Trello API Tread Group 1-1
2023-06-13 13:04:06,037 INFO o.a.j.t.JMeterThread: Thread finished: Trello API Tread Group 1-1
2023-06-13 13:04:06,039 INFO o.a.j.e.StandardJMeterEngine: Notifying test listeners of end of test
2023-06-13 13:04:06,039 INFO o.a.j.g.u.JMeterMenuBar: setRunning(false, *local*)
2023-06-13 13:06:27,063 INFO o.a.j.e.StandardJMeterEngine: Running the test!
2023-06-13 13:06:27,063 INFO o.a.j.s.SampleEvent: List of sample_variables: []
2023-06-13 13:06:27,064 INFO o.a.j.g.u.JMeterMenuBar: setRunning(true, *local*)
2023-06-13 13:06:27,097 INFO o.a.j.e.StandardJMeterEngine: Starting ThreadGroup: 1 : Trello API Tread Group
2023-06-13 13:06:27,098 INFO o.a.j.e.StandardJMeterEngine: Starting 1 threads for group Trello API Tread Group.
2023-06-13 13:06:27,098 INFO o.a.j.e.StandardJMeterEngine: Thread will continue on error
2023-06-13 13:06:27,098 INFO o.a.j.t.ThreadGroup: Starting thread group... number=1 threads=1 ramp-up=1 delayedStart=false
2023-06-13 13:06:27,098 INFO o.a.j.t.ThreadGroup: Started thread group number 1
2023-06-13 13:06:27,098 INFO o.a.j.e.StandardJMeterEngine: All thread groups have been started
2023-06-13 13:06:27,099 INFO o.a.j.t.JMeterThread: Thread started: Trello API Tread Group 1-1
2023-06-13 13:06:27,384 INFO o.a.j.t.JMeterThread: Thread is done: Trello API Tread Group 1-1
2023-06-13 13:06:27,384 INFO o.a.j.t.JMeterThread: Thread finished: Trello API Tread Group 1-1
2023-06-13 13:06:27,385 INFO o.a.j.e.StandardJMeterEngine: Notifying test listeners of end of test
2023-06-13 13:06:27,385 INFO o.a.j.g.u.JMeterMenuBar: setRunning(false, *local*)
2023-06-14 09:30:01,671 INFO o.a.j.e.StandardJMeterEngine: Running the test!
2023-06-14 09:30:01,917 INFO o.a.j.s.SampleEvent: List of sample_variables: []
2023-06-14 09:30:01,951 INFO o.a.j.g.u.JMeterMenuBar: setRunning(true, *local*)
2023-06-14 09:30:04,266 INFO o.a.j.e.StandardJMeterEngine: Starting ThreadGroup: 1 : Trello API Tread Group
2023-06-14 09:30:04,267 INFO o.a.j.e.StandardJMeterEngine: Starting 2 threads for group Trello API Tread Group.
2023-06-14 09:30:04,267 INFO o.a.j.e.StandardJMeterEngine: Thread will continue on error
2023-06-14 09:30:04,267 INFO o.a.j.t.ThreadGroup: Starting thread group... number=1 threads=2 ramp-up=1 delayedStart=false
2023-06-14 09:30:04,267 INFO o.a.j.t.ThreadGroup: Started thread group number 1
2023-06-14 09:30:04,268 INFO o.a.j.e.StandardJMeterEngine: All thread groups have been started
2023-06-14 09:30:04,268 INFO o.a.j.t.JMeterThread: Thread started: Trello API Tread Group 1-1
2023-06-14 09:30:04,768 INFO o.a.j.t.JMeterThread: Thread started: Trello API Tread Group 1-2
2023-06-14 09:30:05,465 INFO o.a.j.t.JMeterThread: Thread is done: Trello API Tread Group 1-2
2023-06-14 09:30:05,466 INFO o.a.j.t.JMeterThread: Thread finished: Trello API Tread Group 1-2
2023-06-14 09:30:05,798 INFO o.a.j.t.JMeterThread: Thread is done: Trello API Tread Group 1-1
2023-06-14 09:30:05,798 INFO o.a.j.t.JMeterThread: Thread finished: Trello API Tread Group 1-1
2023-06-14 09:30:05,799 INFO o.a.j.e.StandardJMeterEngine: Notifying test listeners of end of test
2023-06-14 09:30:05,799 INFO o.a.j.g.u.JMeterMenuBar: setRunning(false, *local*)
2023-06-14 09:33:36,680 INFO o.a.j.e.StandardJMeterEngine: Running the test!
2023-06-14 09:33:36,680 INFO o.a.j.s.SampleEvent: List of sample_variables: []
2023-06-14 09:33:36,681 INFO o.a.j.g.u.JMeterMenuBar: setRunning(true, *local*)
2023-06-14 09:33:36,728 INFO o.a.j.e.StandardJMeterEngine: Starting ThreadGroup: 1 : Trello API Tread Group
2023-06-14 09:33:36,728 INFO o.a.j.e.StandardJMeterEngine: Starting 2 threads for group Trello API Tread Group.
2023-06-14 09:33:36,728 INFO o.a.j.e.StandardJMeterEngine: Thread will continue on error
2023-06-14 09:33:36,729 INFO o.a.j.t.ThreadGroup: Starting thread group... number=1 threads=2 ramp-up=1 delayedStart=false
2023-06-14 09:33:36,730 INFO o.a.j.t.ThreadGroup: Started thread group number 1
2023-06-14 09:33:36,730 INFO o.a.j.e.StandardJMeterEngine: All thread groups have been started
2023-06-14 09:33:36,730 INFO o.a.j.t.JMeterThread: Thread started: Trello API Tread Group 1-1
2023-06-14 09:33:37,244 INFO o.a.j.t.JMeterThread: Thread started: Trello API Tread Group 1-2
2023-06-14 09:33:41,089 INFO o.a.j.t.JMeterThread: Thread is done: Trello API Tread Group 1-2
2023-06-14 09:33:41,089 INFO o.a.j.t.JMeterThread: Thread finished: Trello API Tread Group 1-2
2023-06-14 09:33:41,795 INFO o.a.j.t.JMeterThread: Thread is done: Trello API Tread Group 1-1
2023-06-14 09:33:41,795 INFO o.a.j.t.JMeterThread: Thread finished: Trello API Tread Group 1-1
2023-06-14 09:33:41,797 INFO o.a.j.e.StandardJMeterEngine: Notifying test listeners of end of test
2023-06-14 09:33:41,798 INFO o.a.j.g.u.JMeterMenuBar: setRunning(false, *local*)
2023-06-14 09:41:16,340 INFO o.a.j.e.StandardJMeterEngine: Running the test!
2023-06-14 09:41:16,341 INFO o.a.j.s.SampleEvent: List of sample_variables: []
2023-06-14 09:41:16,341 INFO o.a.j.g.u.JMeterMenuBar: setRunning(true, *local*)
2023-06-14 09:41:16,389 INFO o.a.j.e.StandardJMeterEngine: Starting ThreadGroup: 1 : Trello API Tread Group
2023-06-14 09:41:16,389 INFO o.a.j.e.StandardJMeterEngine: Starting 1 threads for group Trello API Tread Group.
2023-06-14 09:41:16,389 INFO o.a.j.e.StandardJMeterEngine: Thread will continue on error
2023-06-14 09:41:16,389 INFO o.a.j.t.ThreadGroup: Starting thread group... number=1 threads=1 ramp-up=1 delayedStart=false
2023-06-14 09:41:16,394 INFO o.a.j.t.ThreadGroup: Started thread group number 1
2023-06-14 09:41:16,394 INFO o.a.j.e.StandardJMeterEngine: All thread groups have been started
2023-06-14 09:41:16,395 INFO o.a.j.t.JMeterThread: Thread started: Trello API Tread Group 1-1
2023-06-14 09:41:18,965 INFO o.a.j.t.JMeterThread: Thread is done: Trello API Tread Group 1-1
2023-06-14 09:41:18,965 INFO o.a.j.t.JMeterThread: Thread finished: Trello API Tread Group 1-1
2023-06-14 09:41:18,966 INFO o.a.j.e.StandardJMeterEngine: Notifying test listeners of end of test
2023-06-14 09:41:18,966 INFO o.a.j.g.u.JMeterMenuBar: setRunning(false, *local*)
2023-06-14 09:54:05,878 INFO o.a.j.e.StandardJMeterEngine: Running the test!
2023-06-14 09:54:05,892 INFO o.a.j.s.SampleEvent: List of sample_variables: []
2023-06-14 09:54:05,893 INFO o.a.j.g.u.JMeterMenuBar: setRunning(true, *local*)
2023-06-14 09:54:05,920 INFO o.a.j.e.StandardJMeterEngine: Starting ThreadGroup: 1 : Trello API Tread Group
2023-06-14 09:54:05,921 INFO o.a.j.e.StandardJMeterEngine: Starting 1 threads for group Trello API Tread Group.
2023-06-14 09:54:05,921 INFO o.a.j.e.StandardJMeterEngine: Thread will continue on error
2023-06-14 09:54:05,921 INFO o.a.j.t.ThreadGroup: Starting thread group... number=1 threads=1 ramp-up=1 delayedStart=false
2023-06-14 09:54:05,921 INFO o.a.j.t.ThreadGroup: Started thread group number 1
2023-06-14 09:54:05,921 INFO o.a.j.e.StandardJMeterEngine: All thread groups have been started
2023-06-14 09:54:05,922 INFO o.a.j.t.JMeterThread: Thread started: Trello API Tread Group 1-1
2023-06-14 09:54:07,842 INFO o.a.j.t.JMeterThread: Thread is done: Trello API Tread Group 1-1
2023-06-14 09:54:07,843 INFO o.a.j.t.JMeterThread: Thread finished: Trello API Tread Group 1-1
2023-06-14 09:54:07,843 INFO o.a.j.e.StandardJMeterEngine: Notifying test listeners of end of test
2023-06-14 09:54:07,844 INFO o.a.j.g.u.JMeterMenuBar: setRunning(false, *local*)
2023-06-14 09:56:34,338 INFO o.a.j.e.StandardJMeterEngine: Running the test!
2023-06-14 09:56:34,338 INFO o.a.j.s.SampleEvent: List of sample_variables: []
2023-06-14 09:56:34,339 INFO o.a.j.g.u.JMeterMenuBar: setRunning(true, *local*)
2023-06-14 09:56:34,388 INFO o.a.j.e.StandardJMeterEngine: Starting ThreadGroup: 1 : Trello API Tread Group
2023-06-14 09:56:34,388 INFO o.a.j.e.StandardJMeterEngine: Starting 1 threads for group Trello API Tread Group.
2023-06-14 09:56:34,388 INFO o.a.j.e.StandardJMeterEngine: Thread will continue on error
2023-06-14 09:56:34,388 INFO o.a.j.t.ThreadGroup: Starting thread group... number=1 threads=1 ramp-up=1 delayedStart=false
2023-06-14 09:56:34,389 INFO o.a.j.t.ThreadGroup: Started thread group number 1
2023-06-14 09:56:34,389 INFO o.a.j.e.StandardJMeterEngine: All thread groups have been started
2023-06-14 09:56:34,389 INFO o.a.j.t.JMeterThread: Thread started: Trello API Tread Group 1-1
2023-06-14 09:56:35,967 INFO o.a.j.t.JMeterThread: Thread is done: Trello API Tread Group 1-1
2023-06-14 09:56:35,967 INFO o.a.j.t.JMeterThread: Thread finished: Trello API Tread Group 1-1
2023-06-14 09:56:35,968 INFO o.a.j.e.StandardJMeterEngine: Notifying test listeners of end of test
2023-06-14 09:56:35,968 INFO o.a.j.g.u.JMeterMenuBar: setRunning(false, *local*)
2023-06-14 10:03:11,410 INFO o.a.j.e.StandardJMeterEngine: Running the test!
2023-06-14 10:03:11,411 INFO o.a.j.s.SampleEvent: List of sample_variables: []
2023-06-14 10:03:11,412 INFO o.a.j.g.u.JMeterMenuBar: setRunning(true, *local*)
2023-06-14 10:03:11,462 INFO o.a.j.e.StandardJMeterEngine: Starting ThreadGroup: 1 : Trello API Tread Group
2023-06-14 10:03:11,463 INFO o.a.j.e.StandardJMeterEngine: Starting 1 threads for group Trello API Tread Group.
2023-06-14 10:03:11,463 INFO o.a.j.e.StandardJMeterEngine: Thread will continue on error
2023-06-14 10:03:11,463 INFO o.a.j.t.ThreadGroup: Starting thread group... number=1 threads=1 ramp-up=1 delayedStart=false
2023-06-14 10:03:11,463 INFO o.a.j.t.ThreadGroup: Started thread group number 1
2023-06-14 10:03:11,463 INFO o.a.j.e.StandardJMeterEngine: All thread groups have been started
2023-06-14 10:03:11,464 INFO o.a.j.t.JMeterThread: Thread started: Trello API Tread Group 1-1
2023-06-14 10:03:14,551 INFO o.a.j.t.JMeterThread: Thread is done: Trello API Tread Group 1-1
2023-06-14 10:03:14,551 INFO o.a.j.t.JMeterThread: Thread finished: Trello API Tread Group 1-1
2023-06-14 10:03:14,552 INFO o.a.j.e.StandardJMeterEngine: Notifying test listeners of end of test
2023-06-14 10:03:14,552 INFO o.a.j.g.u.JMeterMenuBar: setRunning(false, *local*)
2023-06-14 10:07:20,325 INFO o.a.j.e.StandardJMeterEngine: Running the test!
2023-06-14 10:07:20,325 INFO o.a.j.s.SampleEvent: List of sample_variables: []
2023-06-14 10:07:20,326 INFO o.a.j.g.u.JMeterMenuBar: setRunning(true, *local*)
2023-06-14 10:07:20,372 INFO o.a.j.e.StandardJMeterEngine: Starting ThreadGroup: 1 : Trello API Tread Group
2023-06-14 10:07:20,372 INFO o.a.j.e.StandardJMeterEngine: Starting 1 threads for group Trello API Tread Group.
2023-06-14 10:07:20,372 INFO o.a.j.e.StandardJMeterEngine: Thread will continue on error
2023-06-14 10:07:20,373 INFO o.a.j.t.ThreadGroup: Starting thread group... number=1 threads=1 ramp-up=1 delayedStart=false
2023-06-14 10:07:20,373 INFO o.a.j.t.ThreadGroup: Started thread group number 1
2023-06-14 10:07:20,373 INFO o.a.j.e.StandardJMeterEngine: All thread groups have been started
2023-06-14 10:07:20,373 INFO o.a.j.t.JMeterThread: Thread started: Trello API Tread Group 1-1
2023-06-14 10:07:21,983 INFO o.a.j.t.JMeterThread: Thread is done: Trello API Tread Group 1-1
2023-06-14 10:07:21,984 INFO o.a.j.t.JMeterThread: Thread finished: Trello API Tread Group 1-1
2023-06-14 10:07:21,985 INFO o.a.j.e.StandardJMeterEngine: Notifying test listeners of end of test
2023-06-14 10:07:21,986 INFO o.a.j.g.u.JMeterMenuBar: setRunning(false, *local*)
2023-06-14 10:07:47,526 INFO o.a.j.e.StandardJMeterEngine: Running the test!
2023-06-14 10:07:47,527 INFO o.a.j.s.SampleEvent: List of sample_variables: []
2023-06-14 10:07:47,527 INFO o.a.j.g.u.JMeterMenuBar: setRunning(true, *local*)
2023-06-14 10:07:47,608 INFO o.a.j.e.StandardJMeterEngine: Starting ThreadGroup: 1 : Trello API Tread Group
2023-06-14 10:07:47,608 INFO o.a.j.e.StandardJMeterEngine: Starting 1 threads for group Trello API Tread Group.
2023-06-14 10:07:47,608 INFO o.a.j.e.StandardJMeterEngine: Thread will continue on error
2023-06-14 10:07:47,609 INFO o.a.j.t.ThreadGroup: Starting thread group... number=1 threads=1 ramp-up=1 delayedStart=false
2023-06-14 10:07:47,609 INFO o.a.j.t.ThreadGroup: Started thread group number 1
2023-06-14 10:07:47,609 INFO o.a.j.e.StandardJMeterEngine: All thread groups have been started
2023-06-14 10:07:47,609 INFO o.a.j.t.JMeterThread: Thread started: Trello API Tread Group 1-1
2023-06-14 10:07:49,330 INFO o.a.j.t.JMeterThread: Thread is done: Trello API Tread Group 1-1
2023-06-14 10:07:49,330 INFO o.a.j.t.JMeterThread: Thread finished: Trello API Tread Group 1-1
2023-06-14 10:07:49,331 INFO o.a.j.e.StandardJMeterEngine: Notifying test listeners of end of test
2023-06-14 10:07:49,331 INFO o.a.j.g.u.JMeterMenuBar: setRunning(false, *local*)
2023-06-14 10:08:31,274 INFO o.a.j.e.StandardJMeterEngine: Running the test!
2023-06-14 10:08:31,275 INFO o.a.j.s.SampleEvent: List of sample_variables: []
2023-06-14 10:08:31,275 INFO o.a.j.g.u.JMeterMenuBar: setRunning(true, *local*)
2023-06-14 10:08:31,318 INFO o.a.j.e.StandardJMeterEngine: Starting ThreadGroup: 1 : Trello API Tread Group
2023-06-14 10:08:31,318 INFO o.a.j.e.StandardJMeterEngine: Starting 1 threads for group Trello API Tread Group.
2023-06-14 10:08:31,318 INFO o.a.j.e.StandardJMeterEngine: Thread will continue on error
2023-06-14 10:08:31,318 INFO o.a.j.t.ThreadGroup: Starting thread group... number=1 threads=1 ramp-up=1 delayedStart=false
2023-06-14 10:08:31,319 INFO o.a.j.t.ThreadGroup: Started thread group number 1
2023-06-14 10:08:31,320 INFO o.a.j.e.StandardJMeterEngine: All thread groups have been started
2023-06-14 10:08:31,320 INFO o.a.j.t.JMeterThread: Thread started: Trello API Tread Group 1-1
2023-06-14 10:08:34,671 INFO o.a.j.t.JMeterThread: Thread is done: Trello API Tread Group 1-1
2023-06-14 10:08:34,671 INFO o.a.j.t.JMeterThread: Thread finished: Trello API Tread Group 1-1
2023-06-14 10:08:34,672 INFO o.a.j.e.StandardJMeterEngine: Notifying test listeners of end of test
2023-06-14 10:08:34,672 INFO o.a.j.g.u.JMeterMenuBar: setRunning(false, *local*)
2023-06-14 10:11:33,454 INFO o.a.j.e.StandardJMeterEngine: Running the test!
2023-06-14 10:11:33,455 INFO o.a.j.s.SampleEvent: List of sample_variables: []
2023-06-14 10:11:33,455 INFO o.a.j.g.u.JMeterMenuBar: setRunning(true, *local*)
2023-06-14 10:11:33,494 INFO o.a.j.e.StandardJMeterEngine: Starting ThreadGroup: 1 : Trello API Tread Group
2023-06-14 10:11:33,494 INFO o.a.j.e.StandardJMeterEngine: Starting 1 threads for group Trello API Tread Group.
2023-06-14 10:11:33,494 INFO o.a.j.e.StandardJMeterEngine: Thread will continue on error
2023-06-14 10:11:33,494 INFO o.a.j.t.ThreadGroup: Starting thread group... number=1 threads=1 ramp-up=1 delayedStart=false
2023-06-14 10:11:33,495 INFO o.a.j.t.ThreadGroup: Started thread group number 1
2023-06-14 10:11:33,495 INFO o.a.j.e.StandardJMeterEngine: All thread groups have been started
2023-06-14 10:11:33,495 INFO o.a.j.t.JMeterThread: Thread started: Trello API Tread Group 1-1
2023-06-14 10:11:37,574 INFO o.a.j.t.JMeterThread: Thread is done: Trello API Tread Group 1-1
2023-06-14 10:11:37,574 INFO o.a.j.t.JMeterThread: Thread finished: Trello API Tread Group 1-1
2023-06-14 10:11:37,575 INFO o.a.j.e.StandardJMeterEngine: Notifying test listeners of end of test
2023-06-14 10:11:37,575 INFO o.a.j.g.u.JMeterMenuBar: setRunning(false, *local*)
2023-06-14 10:13:01,099 INFO o.a.j.e.StandardJMeterEngine: Running the test!
2023-06-14 10:13:01,099 INFO o.a.j.s.SampleEvent: List of sample_variables: []
2023-06-14 10:13:01,100 INFO o.a.j.g.u.JMeterMenuBar: setRunning(true, *local*)
2023-06-14 10:13:01,146 INFO o.a.j.e.StandardJMeterEngine: Starting ThreadGroup: 1 : Trello API Tread Group
2023-06-14 10:13:01,146 INFO o.a.j.e.StandardJMeterEngine: Starting 1 threads for group Trello API Tread Group.
2023-06-14 10:13:01,147 INFO o.a.j.e.StandardJMeterEngine: Thread will continue on error
2023-06-14 10:13:01,147 INFO o.a.j.t.ThreadGroup: Starting thread group... number=1 threads=1 ramp-up=1 delayedStart=false
2023-06-14 10:13:01,147 INFO o.a.j.t.ThreadGroup: Started thread group number 1
2023-06-14 10:13:01,147 INFO o.a.j.e.StandardJMeterEngine: All thread groups have been started
2023-06-14 10:13:01,148 INFO o.a.j.t.JMeterThread: Thread started: Trello API Tread Group 1-1
2023-06-14 10:13:05,366 INFO o.a.j.t.JMeterThread: Thread is done: Trello API Tread Group 1-1
2023-06-14 10:13:05,366 INFO o.a.j.t.JMeterThread: Thread finished: Trello API Tread Group 1-1
2023-06-14 10:13:05,366 INFO o.a.j.e.StandardJMeterEngine: Notifying test listeners of end of test
2023-06-14 10:13:05,366 INFO o.a.j.g.u.JMeterMenuBar: setRunning(false, *local*)
2023-06-14 10:14:45,665 INFO o.a.j.e.StandardJMeterEngine: Running the test!
2023-06-14 10:14:45,666 INFO o.a.j.s.SampleEvent: List of sample_variables: []
2023-06-14 10:14:45,666 INFO o.a.j.g.u.JMeterMenuBar: setRunning(true, *local*)
2023-06-14 10:14:45,706 INFO o.a.j.e.StandardJMeterEngine: Starting ThreadGroup: 1 : Trello API Tread Group
2023-06-14 10:14:45,706 INFO o.a.j.e.StandardJMeterEngine: Starting 1 threads for group Trello API Tread Group.
2023-06-14 10:14:45,706 INFO o.a.j.e.StandardJMeterEngine: Thread will continue on error
2023-06-14 10:14:45,707 INFO o.a.j.t.ThreadGroup: Starting thread group... number=1 threads=1 ramp-up=1 delayedStart=false
2023-06-14 10:14:45,708 INFO o.a.j.t.ThreadGroup: Started thread group number 1
2023-06-14 10:14:45,708 INFO o.a.j.e.StandardJMeterEngine: All thread groups have been started
2023-06-14 10:14:45,708 INFO o.a.j.t.JMeterThread: Thread started: Trello API Tread Group 1-1
2023-06-14 10:14:48,737 INFO o.a.j.t.JMeterThread: Thread is done: Trello API Tread Group 1-1
2023-06-14 10:14:48,737 INFO o.a.j.t.JMeterThread: Thread finished: Trello API Tread Group 1-1
2023-06-14 10:14:48,737 INFO o.a.j.e.StandardJMeterEngine: Notifying test listeners of end of test
2023-06-14 10:14:48,738 INFO o.a.j.g.u.JMeterMenuBar: setRunning(false, *local*)
2023-06-14 10:18:11,883 INFO o.a.j.e.StandardJMeterEngine: Running the test!
2023-06-14 10:18:11,884 INFO o.a.j.s.SampleEvent: List of sample_variables: []
2023-06-14 10:18:11,884 INFO o.a.j.g.u.JMeterMenuBar: setRunning(true, *local*)
2023-06-14 10:18:11,911 INFO o.a.j.e.StandardJMeterEngine: Starting ThreadGroup: 1 : Trello API Tread Group
2023-06-14 10:18:11,911 INFO o.a.j.e.StandardJMeterEngine: Starting 1 threads for group Trello API Tread Group.
2023-06-14 10:18:11,911 INFO o.a.j.e.StandardJMeterEngine: Thread will continue on error
2023-06-14 10:18:11,911 INFO o.a.j.t.ThreadGroup: Starting thread group... number=1 threads=1 ramp-up=1 delayedStart=false
2023-06-14 10:18:11,912 INFO o.a.j.t.ThreadGroup: Started thread group number 1
2023-06-14 10:18:11,912 INFO o.a.j.e.StandardJMeterEngine: All thread groups have been started
2023-06-14 10:18:11,912 INFO o.a.j.t.JMeterThread: Thread started: Trello API Tread Group 1-1
2023-06-14 10:18:14,798 INFO o.a.j.t.JMeterThread: Thread is done: Trello API Tread Group 1-1
2023-06-14 10:18:14,799 INFO o.a.j.t.JMeterThread: Thread finished: Trello API Tread Group 1-1
2023-06-14 10:18:14,799 INFO o.a.j.e.StandardJMeterEngine: Notifying test listeners of end of test
2023-06-14 10:18:14,800 INFO o.a.j.g.u.JMeterMenuBar: setRunning(false, *local*)
2023-06-14 10:20:29,536 INFO o.a.j.e.StandardJMeterEngine: Running the test!
2023-06-14 10:20:29,537 INFO o.a.j.s.SampleEvent: List of sample_variables: []
2023-06-14 10:20:29,537 INFO o.a.j.g.u.JMeterMenuBar: setRunning(true, *local*)
2023-06-14 10:20:29,567 INFO o.a.j.e.StandardJMeterEngine: Starting ThreadGroup: 1 : Trello API Tread Group
2023-06-14 10:20:29,567 INFO o.a.j.e.StandardJMeterEngine: Starting 1 threads for group Trello API Tread Group.
2023-06-14 10:20:29,567 INFO o.a.j.e.StandardJMeterEngine: Thread will continue on error
2023-06-14 10:20:29,567 INFO o.a.j.t.ThreadGroup: Starting thread group... number=1 threads=1 ramp-up=1 delayedStart=false
2023-06-14 10:20:29,568 INFO o.a.j.t.ThreadGroup: Started thread group number 1
2023-06-14 10:20:29,568 INFO o.a.j.e.StandardJMeterEngine: All thread groups have been started
2023-06-14 10:20:29,568 INFO o.a.j.t.JMeterThread: Thread started: Trello API Tread Group 1-1
2023-06-14 10:20:32,607 INFO o.a.j.t.JMeterThread: Thread is done: Trello API Tread Group 1-1
2023-06-14 10:20:32,607 INFO o.a.j.t.JMeterThread: Thread finished: Trello API Tread Group 1-1
2023-06-14 10:20:32,608 INFO o.a.j.e.StandardJMeterEngine: Notifying test listeners of end of test
2023-06-14 10:20:32,608 INFO o.a.j.g.u.JMeterMenuBar: setRunning(false, *local*)
2023-06-14 10:22:05,620 INFO o.a.j.e.StandardJMeterEngine: Running the test!
2023-06-14 10:22:05,621 INFO o.a.j.s.SampleEvent: List of sample_variables: []
2023-06-14 10:22:05,621 INFO o.a.j.g.u.JMeterMenuBar: setRunning(true, *local*)
2023-06-14 10:22:05,622 INFO o.a.j.e.StandardJMeterEngine: Starting ThreadGroup: 1 : Trello API Tread Group
2023-06-14 10:22:05,622 INFO o.a.j.e.StandardJMeterEngine: Starting 1 threads for group Trello API Tread Group.
2023-06-14 10:22:05,622 INFO o.a.j.e.StandardJMeterEngine: Thread will continue on error
2023-06-14 10:22:05,622 INFO o.a.j.t.ThreadGroup: Starting thread group... number=1 threads=1 ramp-up=1 delayedStart=false
2023-06-14 10:22:05,623 INFO o.a.j.t.ThreadGroup: Started thread group number 1
2023-06-14 10:22:05,623 INFO o.a.j.e.StandardJMeterEngine: All thread groups have been started
2023-06-14 10:22:05,623 INFO o.a.j.t.JMeterThread: Thread started: Trello API Tread Group 1-1
2023-06-14 10:22:09,943 INFO o.a.j.t.JMeterThread: Thread is done: Trello API Tread Group 1-1
2023-06-14 10:22:09,943 INFO o.a.j.t.JMeterThread: Thread finished: Trello API Tread Group 1-1
2023-06-14 10:22:09,944 INFO o.a.j.e.StandardJMeterEngine: Notifying test listeners of end of test
2023-06-14 10:22:09,944 INFO o.a.j.g.u.JMeterMenuBar: setRunning(false, *local*)
2023-06-14 10:24:08,006 INFO o.a.j.e.StandardJMeterEngine: Running the test!
2023-06-14 10:24:08,006 INFO o.a.j.s.SampleEvent: List of sample_variables: []
2023-06-14 10:24:08,007 INFO o.a.j.g.u.JMeterMenuBar: setRunning(true, *local*)
2023-06-14 10:24:08,037 INFO o.a.j.e.StandardJMeterEngine: Starting ThreadGroup: 1 : Trello API Tread Group
2023-06-14 10:24:08,037 INFO o.a.j.e.StandardJMeterEngine: Starting 1 threads for group Trello API Tread Group.
2023-06-14 10:24:08,037 INFO o.a.j.e.StandardJMeterEngine: Thread will continue on error
2023-06-14 10:24:08,037 INFO o.a.j.t.ThreadGroup: Starting thread group... number=1 threads=1 ramp-up=1 delayedStart=false
2023-06-14 10:24:08,038 INFO o.a.j.t.ThreadGroup: Started thread group number 1
2023-06-14 10:24:08,038 INFO o.a.j.e.StandardJMeterEngine: All thread groups have been started
2023-06-14 10:24:08,038 INFO o.a.j.t.JMeterThread: Thread started: Trello API Tread Group 1-1
2023-06-14 10:24:10,635 INFO o.a.j.t.JMeterThread: Thread is done: Trello API Tread Group 1-1
2023-06-14 10:24:10,635 INFO o.a.j.t.JMeterThread: Thread finished: Trello API Tread Group 1-1
2023-06-14 10:24:10,637 INFO o.a.j.e.StandardJMeterEngine: Notifying test listeners of end of test
2023-06-14 10:24:10,637 INFO o.a.j.g.u.JMeterMenuBar: setRunning(false, *local*)
2023-06-14 10:28:15,835 INFO o.a.j.e.StandardJMeterEngine: Running the test!
2023-06-14 10:28:15,835 INFO o.a.j.s.SampleEvent: List of sample_variables: []
2023-06-14 10:28:15,836 INFO o.a.j.g.u.JMeterMenuBar: setRunning(true, *local*)
2023-06-14 10:28:15,880 INFO o.a.j.e.StandardJMeterEngine: Starting ThreadGroup: 1 : Trello API Tread Group
2023-06-14 10:28:15,880 INFO o.a.j.e.StandardJMeterEngine: Starting 1 threads for group Trello API Tread Group.
2023-06-14 10:28:15,880 INFO o.a.j.e.StandardJMeterEngine: Thread will continue on error
2023-06-14 10:28:15,880 INFO o.a.j.t.ThreadGroup: Starting thread group... number=1 threads=1 ramp-up=1 delayedStart=false
2023-06-14 10:28:15,881 INFO o.a.j.t.ThreadGroup: Started thread group number 1
2023-06-14 10:28:15,881 INFO o.a.j.e.StandardJMeterEngine: All thread groups have been started
2023-06-14 10:28:15,881 INFO o.a.j.t.JMeterThread: Thread started: Trello API Tread Group 1-1
2023-06-14 10:28:20,353 INFO o.a.j.t.JMeterThread: Thread is done: Trello API Tread Group 1-1
2023-06-14 10:28:20,354 INFO o.a.j.t.JMeterThread: Thread finished: Trello API Tread Group 1-1
2023-06-14 10:28:20,354 INFO o.a.j.e.StandardJMeterEngine: Notifying test listeners of end of test
2023-06-14 10:28:20,354 INFO o.a.j.g.u.JMeterMenuBar: setRunning(false, *local*)
2023-06-14 10:28:46,104 INFO o.a.j.e.StandardJMeterEngine: Running the test!
2023-06-14 10:28:46,105 INFO o.a.j.s.SampleEvent: List of sample_variables: []
2023-06-14 10:28:46,105 INFO o.a.j.g.u.JMeterMenuBar: setRunning(true, *local*)
2023-06-14 10:28:46,136 INFO o.a.j.e.StandardJMeterEngine: Starting ThreadGroup: 1 : Trello API Tread Group
2023-06-14 10:28:46,137 INFO o.a.j.e.StandardJMeterEngine: Starting 1 threads for group Trello API Tread Group.
2023-06-14 10:28:46,137 INFO o.a.j.e.StandardJMeterEngine: Thread will continue on error
2023-06-14 10:28:46,137 INFO o.a.j.t.ThreadGroup: Starting thread group... number=1 threads=1 ramp-up=1 delayedStart=false
2023-06-14 10:28:46,137 INFO o.a.j.t.ThreadGroup: Started thread group number 1
2023-06-14 10:28:46,137 INFO o.a.j.e.StandardJMeterEngine: All thread groups have been started
2023-06-14 10:28:46,138 INFO o.a.j.t.JMeterThread: Thread started: Trello API Tread Group 1-1
2023-06-14 10:28:48,110 INFO o.a.j.t.JMeterThread: Thread is done: Trello API Tread Group 1-1
2023-06-14 10:28:48,110 INFO o.a.j.t.JMeterThread: Thread finished: Trello API Tread Group 1-1
2023-06-14 10:28:48,111 INFO o.a.j.e.StandardJMeterEngine: Notifying test listeners of end of test
2023-06-14 10:28:48,111 INFO o.a.j.g.u.JMeterMenuBar: setRunning(false, *local*)
2023-06-14 10:30:20,959 INFO o.a.j.e.StandardJMeterEngine: Running the test!
2023-06-14 10:30:20,959 INFO o.a.j.s.SampleEvent: List of sample_variables: []
2023-06-14 10:30:20,960 INFO o.a.j.g.u.JMeterMenuBar: setRunning(true, *local*)
2023-06-14 10:30:21,007 INFO o.a.j.e.StandardJMeterEngine: Starting ThreadGroup: 1 : Trello API Tread Group
2023-06-14 10:30:21,008 INFO o.a.j.e.StandardJMeterEngine: Starting 1 threads for group Trello API Tread Group.
2023-06-14 10:30:21,008 INFO o.a.j.e.StandardJMeterEngine: Thread will continue on error
2023-06-14 10:30:21,008 INFO o.a.j.t.ThreadGroup: Starting thread group... number=1 threads=1 ramp-up=1 delayedStart=false
2023-06-14 10:30:21,008 INFO o.a.j.t.ThreadGroup: Started thread group number 1
2023-06-14 10:30:21,008 INFO o.a.j.e.StandardJMeterEngine: All thread groups have been started
2023-06-14 10:30:21,009 INFO o.a.j.t.JMeterThread: Thread started: Trello API Tread Group 1-1
2023-06-14 10:30:21,873 INFO o.a.j.t.JMeterThread: Thread is done: Trello API Tread Group 1-1
2023-06-14 10:30:21,887 INFO o.a.j.t.JMeterThread: Thread finished: Trello API Tread Group 1-1
2023-06-14 10:30:21,888 INFO o.a.j.e.StandardJMeterEngine: Notifying test listeners of end of test
2023-06-14 10:30:21,889 INFO o.a.j.g.u.JMeterMenuBar: setRunning(false, *local*)
2023-06-14 10:32:02,363 INFO o.a.j.e.StandardJMeterEngine: Running the test!
2023-06-14 10:32:02,363 INFO o.a.j.s.SampleEvent: List of sample_variables: []
2023-06-14 10:32:02,364 INFO o.a.j.g.u.JMeterMenuBar: setRunning(true, *local*)
2023-06-14 10:32:02,406 INFO o.a.j.e.StandardJMeterEngine: Starting ThreadGroup: 1 : Trello API Tread Group
2023-06-14 10:32:02,406 INFO o.a.j.e.StandardJMeterEngine: Starting 1 threads for group Trello API Tread Group.
2023-06-14 10:32:02,406 INFO o.a.j.e.StandardJMeterEngine: Thread will continue on error
2023-06-14 10:32:02,406 INFO o.a.j.t.ThreadGroup: Starting thread group... number=1 threads=1 ramp-up=1 delayedStart=false
2023-06-14 10:32:02,406 INFO o.a.j.t.ThreadGroup: Started thread group number 1
2023-06-14 10:32:02,406 INFO o.a.j.e.StandardJMeterEngine: All thread groups have been started
2023-06-14 10:32:02,407 INFO o.a.j.t.JMeterThread: Thread started: Trello API Tread Group 1-1
2023-06-14 10:32:03,535 INFO o.a.j.t.JMeterThread: Thread is done: Trello API Tread Group 1-1
2023-06-14 10:32:03,535 INFO o.a.j.t.JMeterThread: Thread finished: Trello API Tread Group 1-1
2023-06-14 10:32:03,535 INFO o.a.j.e.StandardJMeterEngine: Notifying test listeners of end of test
2023-06-14 10:32:03,536 INFO o.a.j.g.u.JMeterMenuBar: setRunning(false, *local*)
2023-06-14 10:32:22,949 INFO o.a.j.e.StandardJMeterEngine: Running the test!
2023-06-14 10:32:22,949 INFO o.a.j.s.SampleEvent: List of sample_variables: []
2023-06-14 10:32:22,949 INFO o.a.j.g.u.JMeterMenuBar: setRunning(true, *local*)
2023-06-14 10:32:22,990 INFO o.a.j.e.StandardJMeterEngine: Starting ThreadGroup: 1 : Trello API Tread Group
2023-06-14 10:32:22,990 INFO o.a.j.e.StandardJMeterEngine: Starting 1 threads for group Trello API Tread Group.
2023-06-14 10:32:22,991 INFO o.a.j.e.StandardJMeterEngine: Thread will continue on error
2023-06-14 10:32:22,991 INFO o.a.j.t.ThreadGroup: Starting thread group... number=1 threads=1 ramp-up=1 delayedStart=false
2023-06-14 10:32:22,991 INFO o.a.j.t.ThreadGroup: Started thread group number 1
2023-06-14 10:32:22,991 INFO o.a.j.e.StandardJMeterEngine: All thread groups have been started
2023-06-14 10:32:22,991 INFO o.a.j.t.JMeterThread: Thread started: Trello API Tread Group 1-1
2023-06-14 10:32:24,451 INFO o.a.j.t.JMeterThread: Thread is done: Trello API Tread Group 1-1
2023-06-14 10:32:24,451 INFO o.a.j.t.JMeterThread: Thread finished: Trello API Tread Group 1-1
2023-06-14 10:32:24,453 INFO o.a.j.e.StandardJMeterEngine: Notifying test listeners of end of test
2023-06-14 10:32:24,453 INFO o.a.j.g.u.JMeterMenuBar: setRunning(false, *local*)
2023-06-14 10:40:41,758 INFO o.a.j.e.StandardJMeterEngine: Running the test!
2023-06-14 10:40:41,758 INFO o.a.j.s.SampleEvent: List of sample_variables: []
2023-06-14 10:40:41,758 INFO o.a.j.g.u.JMeterMenuBar: setRunning(true, *local*)
2023-06-14 10:40:41,762 INFO o.a.j.e.StandardJMeterEngine: Starting ThreadGroup: 1 : Trello API Tread Group
2023-06-14 10:40:41,762 INFO o.a.j.e.StandardJMeterEngine: Starting 1 threads for group Trello API Tread Group.
2023-06-14 10:40:41,762 INFO o.a.j.e.StandardJMeterEngine: Thread will continue on error
2023-06-14 10:40:41,762 INFO o.a.j.t.ThreadGroup: Starting thread group... number=1 threads=1 ramp-up=1 delayedStart=false
2023-06-14 10:40:41,763 INFO o.a.j.t.ThreadGroup: Started thread group number 1
2023-06-14 10:40:41,763 INFO o.a.j.e.StandardJMeterEngine: All thread groups have been started
2023-06-14 10:40:41,763 INFO o.a.j.t.JMeterThread: Thread started: Trello API Tread Group 1-1
2023-06-14 10:40:45,118 INFO o.a.j.t.JMeterThread: Thread is done: Trello API Tread Group 1-1
2023-06-14 10:40:45,118 INFO o.a.j.t.JMeterThread: Thread finished: Trello API Tread Group 1-1
2023-06-14 10:40:45,119 INFO o.a.j.e.StandardJMeterEngine: Notifying test listeners of end of test
2023-06-14 10:40:45,119 INFO o.a.j.g.u.JMeterMenuBar: setRunning(false, *local*)
2023-06-14 10:47:28,828 INFO o.a.j.e.StandardJMeterEngine: Running the test!
2023-06-14 10:47:28,828 INFO o.a.j.s.SampleEvent: List of sample_variables: []
2023-06-14 10:47:28,828 INFO o.a.j.g.u.JMeterMenuBar: setRunning(true, *local*)
2023-06-14 10:47:28,864 INFO o.a.j.e.StandardJMeterEngine: Starting ThreadGroup: 1 : Trello API Tread Group
2023-06-14 10:47:28,864 INFO o.a.j.e.StandardJMeterEngine: Starting 1 threads for group Trello API Tread Group.
2023-06-14 10:47:28,864 INFO o.a.j.e.StandardJMeterEngine: Thread will continue on error
2023-06-14 10:47:28,864 INFO o.a.j.t.ThreadGroup: Starting thread group... number=1 threads=1 ramp-up=1 delayedStart=false
2023-06-14 10:47:28,865 INFO o.a.j.t.ThreadGroup: Started thread group number 1
2023-06-14 10:47:28,865 INFO o.a.j.e.StandardJMeterEngine: All thread groups have been started
2023-06-14 10:47:28,865 INFO o.a.j.t.JMeterThread: Thread started: Trello API Tread Group 1-1
2023-06-14 10:47:30,845 INFO o.a.j.t.JMeterThread: Thread is done: Trello API Tread Group 1-1
2023-06-14 10:47:30,846 INFO o.a.j.t.JMeterThread: Thread finished: Trello API Tread Group 1-1
2023-06-14 10:47:30,848 INFO o.a.j.e.StandardJMeterEngine: Notifying test listeners of end of test
2023-06-14 10:47:30,848 INFO o.a.j.g.u.JMeterMenuBar: setRunning(false, *local*)
2023-06-14 11:35:22,321 INFO o.a.j.s.FileServer: Set new base='D:\Soft\apache-jmeter-5.5\apache-jmeter-5.5\bin'
2023-06-14 11:36:21,676 INFO o.a.j.v.ViewResultsFullVisualizer: Add JavaFX to your Java installation if you want to use renderer: org.apache.jmeter.visualizers.RenderInBrowser
2023-06-14 11:36:59,620 INFO o.a.j.e.StandardJMeterEngine: Running the test!
2023-06-14 11:36:59,620 INFO o.a.j.s.SampleEvent: List of sample_variables: []
2023-06-14 11:36:59,620 INFO o.a.j.g.u.JMeterMenuBar: setRunning(true, *local*)
2023-06-14 11:36:59,654 INFO o.a.j.e.StandardJMeterEngine: Starting ThreadGroup: 1 : Currency conversion API
2023-06-14 11:36:59,654 INFO o.a.j.e.StandardJMeterEngine: Starting 1 threads for group Currency conversion API.
2023-06-14 11:36:59,654 INFO o.a.j.e.StandardJMeterEngine: Thread will continue on error
2023-06-14 11:36:59,655 INFO o.a.j.t.ThreadGroup: Starting thread group... number=1 threads=1 ramp-up=1 delayedStart=false
2023-06-14 11:36:59,655 INFO o.a.j.t.ThreadGroup: Started thread group number 1
2023-06-14 11:36:59,655 INFO o.a.j.e.StandardJMeterEngine: All thread groups have been started
2023-06-14 11:36:59,655 INFO o.a.j.t.JMeterThread: Thread started: Currency conversion API 1-1
2023-06-14 11:37:00,157 INFO o.a.j.t.JMeterThread: Thread is done: Currency conversion API 1-1
2023-06-14 11:37:00,158 INFO o.a.j.t.JMeterThread: Thread finished: Currency conversion API 1-1
2023-06-14 11:37:00,158 INFO o.a.j.e.StandardJMeterEngine: Notifying test listeners of end of test
2023-06-14 11:37:00,158 INFO o.a.j.g.u.JMeterMenuBar: setRunning(false, *local*)
2023-06-14 11:39:39,402 INFO o.a.j.e.StandardJMeterEngine: Running the test!
2023-06-14 11:39:39,402 INFO o.a.j.s.SampleEvent: List of sample_variables: []
2023-06-14 11:39:39,403 INFO o.a.j.g.u.JMeterMenuBar: setRunning(true, *local*)
2023-06-14 11:39:39,446 INFO o.a.j.e.StandardJMeterEngine: Starting ThreadGroup: 1 : Currency conversion API
2023-06-14 11:39:39,447 INFO o.a.j.e.StandardJMeterEngine: Starting 1 threads for group Currency conversion API.
2023-06-14 11:39:39,447 INFO o.a.j.e.StandardJMeterEngine: Thread will continue on error
2023-06-14 11:39:39,447 INFO o.a.j.t.ThreadGroup: Starting thread group... number=1 threads=1 ramp-up=1 delayedStart=false
2023-06-14 11:39:39,447 INFO o.a.j.t.ThreadGroup: Started thread group number 1
2023-06-14 11:39:39,447 INFO o.a.j.e.StandardJMeterEngine: All thread groups have been started
2023-06-14 11:39:39,447 INFO o.a.j.t.JMeterThread: Thread started: Currency conversion API 1-1
2023-06-14 11:39:39,612 INFO o.a.j.t.JMeterThread: Thread is done: Currency conversion API 1-1
2023-06-14 11:39:39,612 INFO o.a.j.t.JMeterThread: Thread finished: Currency conversion API 1-1
2023-06-14 11:39:39,613 INFO o.a.j.e.StandardJMeterEngine: Notifying test listeners of end of test
2023-06-14 11:39:39,613 INFO o.a.j.g.u.JMeterMenuBar: setRunning(false, *local*)
2023-06-14 11:39:44,782 INFO o.a.j.e.StandardJMeterEngine: Running the test!
2023-06-14 11:39:44,782 INFO o.a.j.s.SampleEvent: List of sample_variables: []
2023-06-14 11:39:44,782 INFO o.a.j.g.u.JMeterMenuBar: setRunning(true, *local*)
2023-06-14 11:39:44,828 INFO o.a.j.e.StandardJMeterEngine: Starting ThreadGroup: 1 : Currency conversion API
2023-06-14 11:39:44,828 INFO o.a.j.e.StandardJMeterEngine: Starting 1 threads for group Currency conversion API.
2023-06-14 11:39:44,828 INFO o.a.j.e.StandardJMeterEngine: Thread will continue on error
2023-06-14 11:39:44,828 INFO o.a.j.t.ThreadGroup: Starting thread group... number=1 threads=1 ramp-up=1 delayedStart=false
2023-06-14 11:39:44,828 INFO o.a.j.t.ThreadGroup: Started thread group number 1
2023-06-14 11:39:44,828 INFO o.a.j.e.StandardJMeterEngine: All thread groups have been started
2023-06-14 11:39:44,829 INFO o.a.j.t.JMeterThread: Thread started: Currency conversion API 1-1
2023-06-14 11:39:44,994 INFO o.a.j.t.JMeterThread: Thread is done: Currency conversion API 1-1
2023-06-14 11:39:44,994 INFO o.a.j.t.JMeterThread: Thread finished: Currency conversion API 1-1
2023-06-14 11:39:44,995 INFO o.a.j.e.StandardJMeterEngine: Notifying test listeners of end of test
2023-06-14 11:39:44,995 INFO o.a.j.g.u.JMeterMenuBar: setRunning(false, *local*)
2023-06-14 11:46:50,545 INFO o.a.j.e.StandardJMeterEngine: Running the test!
2023-06-14 11:46:50,546 INFO o.a.j.s.SampleEvent: List of sample_variables: []
2023-06-14 11:46:50,546 INFO o.a.j.g.u.JMeterMenuBar: setRunning(true, *local*)
2023-06-14 11:46:50,603 INFO o.a.j.e.StandardJMeterEngine: Starting ThreadGroup: 1 : Currency conversion API
2023-06-14 11:46:50,603 INFO o.a.j.e.StandardJMeterEngine: Starting 1 threads for group Currency conversion API.
2023-06-14 11:46:50,603 INFO o.a.j.e.StandardJMeterEngine: Thread will continue on error
2023-06-14 11:46:50,603 INFO o.a.j.t.ThreadGroup: Starting thread group... number=1 threads=1 ramp-up=1 delayedStart=false
2023-06-14 11:46:50,604 INFO o.a.j.t.ThreadGroup: Started thread group number 1
2023-06-14 11:46:50,604 INFO o.a.j.e.StandardJMeterEngine: All thread groups have been started
2023-06-14 11:46:50,604 INFO o.a.j.t.JMeterThread: Thread started: Currency conversion API 1-1
2023-06-14 11:46:51,054 INFO o.a.j.t.JMeterThread: Thread is done: Currency conversion API 1-1
2023-06-14 11:46:51,054 INFO o.a.j.t.JMeterThread: Thread finished: Currency conversion API 1-1
2023-06-14 11:46:51,054 INFO o.a.j.e.StandardJMeterEngine: Notifying test listeners of end of test
2023-06-14 11:46:51,054 INFO o.a.j.g.u.JMeterMenuBar: setRunning(false, *local*)
2023-06-14 11:53:25,330 INFO o.a.j.e.StandardJMeterEngine: Running the test!
2023-06-14 11:53:25,331 INFO o.a.j.s.SampleEvent: List of sample_variables: []
2023-06-14 11:53:25,331 INFO o.a.j.g.u.JMeterMenuBar: setRunning(true, *local*)
2023-06-14 11:53:25,378 INFO o.a.j.e.StandardJMeterEngine: Starting ThreadGroup: 1 : Currency conversion API
2023-06-14 11:53:25,378 INFO o.a.j.e.StandardJMeterEngine: Starting 1 threads for group Currency conversion API.
2023-06-14 11:53:25,378 INFO o.a.j.e.StandardJMeterEngine: Thread will continue on error
2023-06-14 11:53:25,378 INFO o.a.j.t.ThreadGroup: Starting thread group... number=1 threads=1 ramp-up=1 delayedStart=false
2023-06-14 11:53:25,378 INFO o.a.j.t.ThreadGroup: Started thread group number 1
2023-06-14 11:53:25,378 INFO o.a.j.e.StandardJMeterEngine: All thread groups have been started
2023-06-14 11:53:25,378 INFO o.a.j.t.JMeterThread: Thread started: Currency conversion API 1-1
2023-06-14 11:53:26,030 INFO o.a.j.t.JMeterThread: Thread is done: Currency conversion API 1-1
2023-06-14 11:53:26,030 INFO o.a.j.t.JMeterThread: Thread finished: Currency conversion API 1-1
2023-06-14 11:53:26,032 INFO o.a.j.e.StandardJMeterEngine: Notifying test listeners of end of test
2023-06-14 11:53:26,033 INFO o.a.j.g.u.JMeterMenuBar: setRunning(false, *local*)
2023-06-14 12:06:30,051 INFO o.a.j.e.StandardJMeterEngine: Running the test!
2023-06-14 12:06:30,051 INFO o.a.j.s.SampleEvent: List of sample_variables: []
2023-06-14 12:06:30,052 INFO o.a.j.g.u.JMeterMenuBar: setRunning(true, *local*)
2023-06-14 12:06:30,082 INFO o.a.j.e.StandardJMeterEngine: Starting ThreadGroup: 1 : Currency conversion API
2023-06-14 12:06:30,082 INFO o.a.j.e.StandardJMeterEngine: Starting 1 threads for group Currency conversion API.
2023-06-14 12:06:30,082 INFO o.a.j.e.StandardJMeterEngine: Thread will continue on error
2023-06-14 12:06:30,083 INFO o.a.j.t.ThreadGroup: Starting thread group... number=1 threads=1 ramp-up=1 delayedStart=false
2023-06-14 12:06:30,083 INFO o.a.j.t.ThreadGroup: Started thread group number 1
2023-06-14 12:06:30,083 INFO o.a.j.e.StandardJMeterEngine: All thread groups have been started
2023-06-14 12:06:30,083 INFO o.a.j.t.JMeterThread: Thread started: Currency conversion API 1-1
2023-06-14 12:06:30,691 INFO o.a.j.t.JMeterThread: Thread is done: Currency conversion API 1-1
2023-06-14 12:06:30,691 INFO o.a.j.t.JMeterThread: Thread finished: Currency conversion API 1-1
2023-06-14 12:06:30,692 INFO o.a.j.e.StandardJMeterEngine: Notifying test listeners of end of test
2023-06-14 12:06:30,692 INFO o.a.j.g.u.JMeterMenuBar: setRunning(false, *local*)
2023-06-15 09:02:09,083 INFO o.a.j.e.StandardJMeterEngine: Running the test!
2023-06-15 09:02:09,099 INFO o.a.j.s.SampleEvent: List of sample_variables: []
2023-06-15 09:02:09,100 INFO o.a.j.g.u.JMeterMenuBar: setRunning(true, *local*)
2023-06-15 09:02:09,174 INFO o.a.j.e.StandardJMeterEngine: Starting ThreadGroup: 1 : Currency conversion API
2023-06-15 09:02:09,174 INFO o.a.j.e.StandardJMeterEngine: Starting 1 threads for group Currency conversion API.
2023-06-15 09:02:09,174 INFO o.a.j.e.StandardJMeterEngine: Thread will continue on error
2023-06-15 09:02:09,174 INFO o.a.j.t.ThreadGroup: Starting thread group... number=1 threads=1 ramp-up=1 delayedStart=false
2023-06-15 09:02:09,174 INFO o.a.j.t.ThreadGroup: Started thread group number 1
2023-06-15 09:02:09,174 INFO o.a.j.e.StandardJMeterEngine: All thread groups have been started
2023-06-15 09:02:09,175 INFO o.a.j.t.JMeterThread: Thread started: Currency conversion API 1-1
2023-06-15 09:02:10,375 INFO o.a.j.t.JMeterThread: Thread is done: Currency conversion API 1-1
2023-06-15 09:02:10,375 INFO o.a.j.t.JMeterThread: Thread finished: Currency conversion API 1-1
2023-06-15 09:02:10,376 INFO o.a.j.e.StandardJMeterEngine: Notifying test listeners of end of test
2023-06-15 09:02:10,376 INFO o.a.j.g.u.JMeterMenuBar: setRunning(false, *local*)
2023-06-15 09:06:32,081 INFO o.a.j.e.StandardJMeterEngine: Running the test!
2023-06-15 09:06:32,082 INFO o.a.j.s.SampleEvent: List of sample_variables: []
2023-06-15 09:06:32,082 INFO o.a.j.g.u.JMeterMenuBar: setRunning(true, *local*)
2023-06-15 09:06:32,175 INFO o.a.j.e.StandardJMeterEngine: Starting ThreadGroup: 1 : Currency conversion API
2023-06-15 09:06:32,175 INFO o.a.j.e.StandardJMeterEngine: Starting 1 threads for group Currency conversion API.
2023-06-15 09:06:32,175 INFO o.a.j.e.StandardJMeterEngine: Thread will continue on error
2023-06-15 09:06:32,175 INFO o.a.j.t.ThreadGroup: Starting thread group... number=1 threads=1 ramp-up=1 delayedStart=false
2023-06-15 09:06:32,175 INFO o.a.j.t.ThreadGroup: Started thread group number 1
2023-06-15 09:06:32,175 INFO o.a.j.e.StandardJMeterEngine: All thread groups have been started
2023-06-15 09:06:32,176 INFO o.a.j.t.JMeterThread: Thread started: Currency conversion API 1-1
2023-06-15 09:06:33,424 INFO o.a.j.t.JMeterThread: Thread is done: Currency conversion API 1-1
2023-06-15 09:06:33,424 INFO o.a.j.t.JMeterThread: Thread finished: Currency conversion API 1-1
2023-06-15 09:06:33,425 INFO o.a.j.e.StandardJMeterEngine: Notifying test listeners of end of test
2023-06-15 09:06:33,425 INFO o.a.j.g.u.JMeterMenuBar: setRunning(false, *local*)
2023-06-15 09:07:53,357 INFO o.a.j.e.StandardJMeterEngine: Running the test!
2023-06-15 09:07:53,357 INFO o.a.j.s.SampleEvent: List of sample_variables: []
2023-06-15 09:07:53,358 INFO o.a.j.g.u.JMeterMenuBar: setRunning(true, *local*)
2023-06-15 09:07:53,398 INFO o.a.j.e.StandardJMeterEngine: Starting ThreadGroup: 1 : Currency conversion API
2023-06-15 09:07:53,398 INFO o.a.j.e.StandardJMeterEngine: Starting 1 threads for group Currency conversion API.
2023-06-15 09:07:53,398 INFO o.a.j.e.StandardJMeterEngine: Thread will continue on error
2023-06-15 09:07:53,398 INFO o.a.j.t.ThreadGroup: Starting thread group... number=1 threads=1 ramp-up=1 delayedStart=false
2023-06-15 09:07:53,398 INFO o.a.j.t.ThreadGroup: Started thread group number 1
2023-06-15 09:07:53,398 INFO o.a.j.e.StandardJMeterEngine: All thread groups have been started
2023-06-15 09:07:53,398 INFO o.a.j.t.JMeterThread: Thread started: Currency conversion API 1-1
2023-06-15 09:07:54,455 INFO o.a.j.t.JMeterThread: Thread is done: Currency conversion API 1-1
2023-06-15 09:07:54,455 INFO o.a.j.t.JMeterThread: Thread finished: Currency conversion API 1-1
2023-06-15 09:07:54,456 INFO o.a.j.e.StandardJMeterEngine: Notifying test listeners of end of test
2023-06-15 09:07:54,456 INFO o.a.j.g.u.JMeterMenuBar: setRunning(false, *local*)
2023-06-15 09:11:46,555 INFO o.a.j.e.StandardJMeterEngine: Running the test!
2023-06-15 09:11:46,555 INFO o.a.j.s.SampleEvent: List of sample_variables: []
2023-06-15 09:11:46,556 INFO o.a.j.g.u.JMeterMenuBar: setRunning(true, *local*)
2023-06-15 09:11:46,599 INFO o.a.j.e.StandardJMeterEngine: Starting ThreadGroup: 1 : Currency conversion API
2023-06-15 09:11:46,600 INFO o.a.j.e.StandardJMeterEngine: Starting 1 threads for group Currency conversion API.
2023-06-15 09:11:46,600 INFO o.a.j.e.StandardJMeterEngine: Thread will continue on error
2023-06-15 09:11:46,600 INFO o.a.j.t.ThreadGroup: Starting thread group... number=1 threads=1 ramp-up=1 delayedStart=false
2023-06-15 09:11:46,600 INFO o.a.j.t.ThreadGroup: Started thread group number 1
2023-06-15 09:11:46,600 INFO o.a.j.e.StandardJMeterEngine: All thread groups have been started
2023-06-15 09:11:46,600 INFO o.a.j.t.JMeterThread: Thread started: Currency conversion API 1-1
2023-06-15 09:11:47,938 INFO o.a.j.t.JMeterThread: Thread is done: Currency conversion API 1-1
2023-06-15 09:11:47,939 INFO o.a.j.t.JMeterThread: Thread finished: Currency conversion API 1-1
2023-06-15 09:11:47,939 INFO o.a.j.e.StandardJMeterEngine: Notifying test listeners of end of test
2023-06-15 09:11:47,940 INFO o.a.j.g.u.JMeterMenuBar: setRunning(false, *local*)
2023-06-15 09:18:45,530 INFO o.a.j.e.StandardJMeterEngine: Running the test!
2023-06-15 09:18:45,531 INFO o.a.j.s.SampleEvent: List of sample_variables: []
2023-06-15 09:18:45,532 INFO o.a.j.g.u.JMeterMenuBar: setRunning(true, *local*)
2023-06-15 09:18:45,574 INFO o.a.j.e.StandardJMeterEngine: Starting ThreadGroup: 1 : Currency conversion API
2023-06-15 09:18:45,574 INFO o.a.j.e.StandardJMeterEngine: Starting 1 threads for group Currency conversion API.
2023-06-15 09:18:45,574 INFO o.a.j.e.StandardJMeterEngine: Thread will continue on error
2023-06-15 09:18:45,574 INFO o.a.j.t.ThreadGroup: Starting thread group... number=1 threads=1 ramp-up=1 delayedStart=false
2023-06-15 09:18:45,575 INFO o.a.j.t.ThreadGroup: Started thread group number 1
2023-06-15 09:18:45,575 INFO o.a.j.e.StandardJMeterEngine: All thread groups have been started
2023-06-15 09:18:45,575 INFO o.a.j.t.JMeterThread: Thread started: Currency conversion API 1-1
2023-06-15 09:18:47,178 INFO o.a.j.t.JMeterThread: Thread is done: Currency conversion API 1-1
2023-06-15 09:18:47,178 INFO o.a.j.t.JMeterThread: Thread finished: Currency conversion API 1-1
2023-06-15 09:18:47,179 INFO o.a.j.e.StandardJMeterEngine: Notifying test listeners of end of test
2023-06-15 09:18:47,179 INFO o.a.j.g.u.JMeterMenuBar: setRunning(false, *local*)
2023-06-15 09:24:35,919 INFO o.a.j.e.StandardJMeterEngine: Running the test!
2023-06-15 09:24:35,920 INFO o.a.j.s.SampleEvent: List of sample_variables: []
2023-06-15 09:24:35,920 INFO o.a.j.g.u.JMeterMenuBar: setRunning(true, *local*)
2023-06-15 09:24:35,952 INFO o.a.j.e.StandardJMeterEngine: Starting ThreadGroup: 1 : Currency conversion API
2023-06-15 09:24:35,952 INFO o.a.j.e.StandardJMeterEngine: Starting 1 threads for group Currency conversion API.
2023-06-15 09:24:35,952 INFO o.a.j.e.StandardJMeterEngine: Thread will continue on error
2023-06-15 09:24:35,952 INFO o.a.j.t.ThreadGroup: Starting thread group... number=1 threads=1 ramp-up=1 delayedStart=false
2023-06-15 09:24:35,953 INFO o.a.j.t.ThreadGroup: Started thread group number 1
2023-06-15 09:24:35,953 INFO o.a.j.e.StandardJMeterEngine: All thread groups have been started
2023-06-15 09:24:35,953 INFO o.a.j.t.JMeterThread: Thread started: Currency conversion API 1-1
2023-06-15 09:24:37,284 INFO o.a.j.t.JMeterThread: Thread is done: Currency conversion API 1-1
2023-06-15 09:24:37,284 INFO o.a.j.t.JMeterThread: Thread finished: Currency conversion API 1-1
2023-06-15 09:24:37,285 INFO o.a.j.e.StandardJMeterEngine: Notifying test listeners of end of test
2023-06-15 09:24:37,285 INFO o.a.j.g.u.JMeterMenuBar: setRunning(false, *local*)
2023-06-15 09:28:19,149 INFO o.a.j.e.StandardJMeterEngine: Running the test!
2023-06-15 09:28:19,150 INFO o.a.j.s.SampleEvent: List of sample_variables: []
2023-06-15 09:28:19,150 INFO o.a.j.g.u.JMeterMenuBar: setRunning(true, *local*)
2023-06-15 09:28:19,184 INFO o.a.j.e.StandardJMeterEngine: Starting ThreadGroup: 1 : Currency conversion API
2023-06-15 09:28:19,184 INFO o.a.j.e.StandardJMeterEngine: Starting 5 threads for group Currency conversion API.
2023-06-15 09:28:19,184 INFO o.a.j.e.StandardJMeterEngine: Thread will continue on error
2023-06-15 09:28:19,184 INFO o.a.j.t.ThreadGroup: Starting thread group... number=1 threads=5 ramp-up=1 delayedStart=false
2023-06-15 09:28:19,186 INFO o.a.j.t.ThreadGroup: Started thread group number 1
2023-06-15 09:28:19,185 INFO o.a.j.t.JMeterThread: Thread started: Currency conversion API 1-1
2023-06-15 09:28:19,186 INFO o.a.j.e.StandardJMeterEngine: All thread groups have been started
2023-06-15 09:28:19,385 INFO o.a.j.t.JMeterThread: Thread started: Currency conversion API 1-2
2023-06-15 09:28:19,585 INFO o.a.j.t.JMeterThread: Thread started: Currency conversion API 1-3
2023-06-15 09:28:19,786 INFO o.a.j.t.JMeterThread: Thread started: Currency conversion API 1-4
2023-06-15 09:28:19,988 INFO o.a.j.t.JMeterThread: Thread started: Currency conversion API 1-5
2023-06-15 09:28:21,739 INFO o.a.j.t.JMeterThread: Thread is done: Currency conversion API 1-1
2023-06-15 09:28:21,739 INFO o.a.j.t.JMeterThread: Thread finished: Currency conversion API 1-1
2023-06-15 09:28:22,045 INFO o.a.j.t.JMeterThread: Thread is done: Currency conversion API 1-2
2023-06-15 09:28:22,045 INFO o.a.j.t.JMeterThread: Thread finished: Currency conversion API 1-2
2023-06-15 09:28:22,089 INFO o.a.j.t.JMeterThread: Thread is done: Currency conversion API 1-3
2023-06-15 09:28:22,090 INFO o.a.j.t.JMeterThread: Thread finished: Currency conversion API 1-3
2023-06-15 09:28:22,417 INFO o.a.j.t.JMeterThread: Thread is done: Currency conversion API 1-4
2023-06-15 09:28:22,417 INFO o.a.j.t.JMeterThread: Thread finished: Currency conversion API 1-4
2023-06-15 09:28:22,711 INFO o.a.j.t.JMeterThread: Thread is done: Currency conversion API 1-5
2023-06-15 09:28:22,712 INFO o.a.j.t.JMeterThread: Thread finished: Currency conversion API 1-5
2023-06-15 09:28:22,713 INFO o.a.j.e.StandardJMeterEngine: Notifying test listeners of end of test
2023-06-15 09:28:22,714 INFO o.a.j.g.u.JMeterMenuBar: setRunning(false, *local*)
2023-06-15 09:30:18,919 INFO o.a.j.e.StandardJMeterEngine: Running the test!
2023-06-15 09:30:18,919 INFO o.a.j.s.SampleEvent: List of sample_variables: []
2023-06-15 09:30:18,920 INFO o.a.j.g.u.JMeterMenuBar: setRunning(true, *local*)
2023-06-15 09:30:18,962 INFO o.a.j.e.StandardJMeterEngine: Starting ThreadGroup: 1 : Currency conversion API
2023-06-15 09:30:18,962 INFO o.a.j.e.StandardJMeterEngine: Starting 3 threads for group Currency conversion API.
2023-06-15 09:30:18,962 INFO o.a.j.e.StandardJMeterEngine: Thread will continue on error
2023-06-15 09:30:18,962 INFO o.a.j.t.ThreadGroup: Starting thread group... number=1 threads=3 ramp-up=1 delayedStart=false
2023-06-15 09:30:18,963 INFO o.a.j.t.ThreadGroup: Started thread group number 1
2023-06-15 09:30:18,963 INFO o.a.j.e.StandardJMeterEngine: All thread groups have been started
2023-06-15 09:30:18,963 INFO o.a.j.t.JMeterThread: Thread started: Currency conversion API 1-1
2023-06-15 09:30:19,297 INFO o.a.j.t.JMeterThread: Thread started: Currency conversion API 1-2
2023-06-15 09:30:19,629 INFO o.a.j.t.JMeterThread: Thread started: Currency conversion API 1-3
2023-06-15 09:30:21,292 INFO o.a.j.t.JMeterThread: Thread is done: Currency conversion API 1-1
2023-06-15 09:30:21,292 INFO o.a.j.t.JMeterThread: Thread finished: Currency conversion API 1-1
2023-06-15 09:30:21,360 INFO o.a.j.t.JMeterThread: Thread is done: Currency conversion API 1-2
2023-06-15 09:30:21,360 INFO o.a.j.t.JMeterThread: Thread finished: Currency conversion API 1-2
2023-06-15 09:30:21,502 INFO o.a.j.t.JMeterThread: Thread is done: Currency conversion API 1-3
2023-06-15 09:30:21,502 INFO o.a.j.t.JMeterThread: Thread finished: Currency conversion API 1-3
2023-06-15 09:30:21,503 INFO o.a.j.e.StandardJMeterEngine: Notifying test listeners of end of test
2023-06-15 09:30:21,503 INFO o.a.j.g.u.JMeterMenuBar: setRunning(false, *local*)
2023-06-15 09:31:17,519 INFO o.a.j.e.StandardJMeterEngine: Running the test!
2023-06-15 09:31:17,520 INFO o.a.j.s.SampleEvent: List of sample_variables: []
2023-06-15 09:31:17,520 INFO o.a.j.g.u.JMeterMenuBar: setRunning(true, *local*)
2023-06-15 09:31:17,580 INFO o.a.j.e.StandardJMeterEngine: Starting ThreadGroup: 1 : Currency conversion API
2023-06-15 09:31:17,580 INFO o.a.j.e.StandardJMeterEngine: Starting 2 threads for group Currency conversion API.
2023-06-15 09:31:17,580 INFO o.a.j.e.StandardJMeterEngine: Thread will continue on error
2023-06-15 09:31:17,580 INFO o.a.j.t.ThreadGroup: Starting thread group... number=1 threads=2 ramp-up=1 delayedStart=false
2023-06-15 09:31:17,581 INFO o.a.j.t.ThreadGroup: Started thread group number 1
2023-06-15 09:31:17,581 INFO o.a.j.e.StandardJMeterEngine: All thread groups have been started
2023-06-15 09:31:17,581 INFO o.a.j.t.JMeterThread: Thread started: Currency conversion API 1-1
2023-06-15 09:31:18,085 INFO o.a.j.t.JMeterThread: Thread started: Currency conversion API 1-2
2023-06-15 09:31:30,006 INFO o.a.j.t.JMeterThread: Thread is done: Currency conversion API 1-2
2023-06-15 09:31:30,006 INFO o.a.j.t.JMeterThread: Thread finished: Currency conversion API 1-2
2023-06-15 09:31:30,564 INFO o.a.j.t.JMeterThread: Thread is done: Currency conversion API 1-1
2023-06-15 09:31:30,564 INFO o.a.j.t.JMeterThread: Thread finished: Currency conversion API 1-1
2023-06-15 09:31:30,565 INFO o.a.j.e.StandardJMeterEngine: Notifying test listeners of end of test
2023-06-15 09:31:30,565 INFO o.a.j.g.u.JMeterMenuBar: setRunning(false, *local*)
2023-06-15 09:49:14,769 INFO o.a.j.e.StandardJMeterEngine: Running the test!
2023-06-15 09:49:14,769 INFO o.a.j.s.SampleEvent: List of sample_variables: []
2023-06-15 09:49:14,770 INFO o.a.j.g.u.JMeterMenuBar: setRunning(true, *local*)
2023-06-15 09:49:14,825 INFO o.a.j.e.StandardJMeterEngine: Starting ThreadGroup: 1 : Currency conversion API
2023-06-15 09:49:14,825 INFO o.a.j.e.StandardJMeterEngine: Starting 2 threads for group Currency conversion API.
2023-06-15 09:49:14,825 INFO o.a.j.e.StandardJMeterEngine: Thread will continue on error
2023-06-15 09:49:14,825 INFO o.a.j.t.ThreadGroup: Starting thread group... number=1 threads=2 ramp-up=1 delayedStart=false
2023-06-15 09:49:14,826 INFO o.a.j.t.ThreadGroup: Started thread group number 1
2023-06-15 09:49:14,826 INFO o.a.j.e.StandardJMeterEngine: All thread groups have been started
2023-06-15 09:49:14,826 INFO o.a.j.t.JMeterThread: Thread started: Currency conversion API 1-1
2023-06-15 09:49:15,327 INFO o.a.j.t.JMeterThread: Thread started: Currency conversion API 1-2
2023-06-15 09:49:15,912 INFO o.a.j.t.JMeterThread: Thread is done: Currency conversion API 1-1
2023-06-15 09:49:15,912 INFO o.a.j.t.JMeterThread: Thread finished: Currency conversion API 1-1
2023-06-15 09:49:16,432 INFO o.a.j.t.JMeterThread: Thread is done: Currency conversion API 1-2
2023-06-15 09:49:16,432 INFO o.a.j.t.JMeterThread: Thread finished: Currency conversion API 1-2
2023-06-15 09:49:16,432 INFO o.a.j.e.StandardJMeterEngine: Notifying test listeners of end of test
2023-06-15 09:49:16,432 INFO o.a.j.g.u.JMeterMenuBar: setRunning(false, *local*)
2023-06-16 07:50:25,490 INFO o.a.j.e.StandardJMeterEngine: Running the test!
2023-06-16 07:50:25,757 INFO o.a.j.s.SampleEvent: List of sample_variables: []
2023-06-16 07:50:26,033 INFO o.a.j.g.u.JMeterMenuBar: setRunning(true, *local*)
2023-06-16 07:50:28,063 INFO o.a.j.e.StandardJMeterEngine: Starting ThreadGroup: 1 : Currency conversion API
2023-06-16 07:50:28,063 INFO o.a.j.e.StandardJMeterEngine: Starting 1 threads for group Currency conversion API.
2023-06-16 07:50:28,063 INFO o.a.j.e.StandardJMeterEngine: Thread will continue on error
2023-06-16 07:50:28,086 INFO o.a.j.t.ThreadGroup: Starting thread group... number=1 threads=1 ramp-up=1 delayedStart=false
2023-06-16 07:50:28,100 INFO o.a.j.t.ThreadGroup: Started thread group number 1
2023-06-16 07:50:28,100 INFO o.a.j.e.StandardJMeterEngine: All thread groups have been started
2023-06-16 07:50:28,100 INFO o.a.j.t.JMeterThread: Thread started: Currency conversion API 1-1
2023-06-16 07:50:30,849 INFO o.a.j.t.JMeterThread: Thread is done: Currency conversion API 1-1
2023-06-16 07:50:30,849 INFO o.a.j.t.JMeterThread: Thread finished: Currency conversion API 1-1
2023-06-16 07:50:30,917 INFO o.a.j.e.StandardJMeterEngine: Notifying test listeners of end of test
2023-06-16 07:50:30,917 INFO o.a.j.g.u.JMeterMenuBar: setRunning(false, *local*)
2023-06-16 07:51:02,086 INFO o.a.j.e.StandardJMeterEngine: Running the test!
2023-06-16 07:51:02,086 INFO o.a.j.s.SampleEvent: List of sample_variables: []
2023-06-16 07:51:02,087 INFO o.a.j.g.u.JMeterMenuBar: setRunning(true, *local*)
2023-06-16 07:51:02,109 INFO o.a.j.e.StandardJMeterEngine: Starting ThreadGroup: 1 : Currency conversion API
2023-06-16 07:51:02,109 INFO o.a.j.e.StandardJMeterEngine: Starting 1 threads for group Currency conversion API.
2023-06-16 07:51:02,109 INFO o.a.j.e.StandardJMeterEngine: Thread will continue on error
2023-06-16 07:51:02,109 INFO o.a.j.t.ThreadGroup: Starting thread group... number=1 threads=1 ramp-up=1 delayedStart=false
2023-06-16 07:51:02,110 INFO o.a.j.t.ThreadGroup: Started thread group number 1
2023-06-16 07:51:02,110 INFO o.a.j.e.StandardJMeterEngine: All thread groups have been started
2023-06-16 07:51:02,111 INFO o.a.j.t.JMeterThread: Thread started: Currency conversion API 1-1
2023-06-16 07:51:02,911 INFO o.a.j.t.JMeterThread: Thread is done: Currency conversion API 1-1
2023-06-16 07:51:02,911 INFO o.a.j.t.JMeterThread: Thread finished: Currency conversion API 1-1
2023-06-16 07:51:02,912 INFO o.a.j.e.StandardJMeterEngine: Notifying test listeners of end of test
2023-06-16 07:51:02,912 INFO o.a.j.g.u.JMeterMenuBar: setRunning(false, *local*)
2023-06-16 07:52:24,388 INFO o.a.j.e.StandardJMeterEngine: Running the test!
2023-06-16 07:52:24,388 INFO o.a.j.s.SampleEvent: List of sample_variables: []
2023-06-16 07:52:24,389 INFO o.a.j.g.u.JMeterMenuBar: setRunning(true, *local*)
2023-06-16 07:52:24,518 INFO o.a.j.e.StandardJMeterEngine: Starting ThreadGroup: 1 : Currency conversion API
2023-06-16 07:52:24,518 INFO o.a.j.e.StandardJMeterEngine: Starting 1 threads for group Currency conversion API.
2023-06-16 07:52:24,518 INFO o.a.j.e.StandardJMeterEngine: Thread will continue on error
2023-06-16 07:52:24,518 INFO o.a.j.t.ThreadGroup: Starting thread group... number=1 threads=1 ramp-up=1 delayedStart=false
2023-06-16 07:52:24,518 INFO o.a.j.t.ThreadGroup: Started thread group number 1
2023-06-16 07:52:24,525 INFO o.a.j.e.StandardJMeterEngine: All thread groups have been started
2023-06-16 07:52:24,539 INFO o.a.j.t.JMeterThread: Thread started: Currency conversion API 1-1
2023-06-16 07:52:25,332 INFO o.a.j.t.JMeterThread: Thread is done: Currency conversion API 1-1
2023-06-16 07:52:25,332 INFO o.a.j.t.JMeterThread: Thread finished: Currency conversion API 1-1
2023-06-16 07:52:25,333 INFO o.a.j.e.StandardJMeterEngine: Notifying test listeners of end of test
2023-06-16 07:52:25,333 INFO o.a.j.g.u.JMeterMenuBar: setRunning(false, *local*)
2023-06-16 07:55:22,075 INFO o.a.j.e.StandardJMeterEngine: Running the test!
2023-06-16 07:55:22,076 INFO o.a.j.s.SampleEvent: List of sample_variables: []
2023-06-16 07:55:22,076 INFO o.a.j.g.u.JMeterMenuBar: setRunning(true, *local*)
2023-06-16 07:55:22,077 INFO o.a.j.e.StandardJMeterEngine: Starting ThreadGroup: 1 : Currency conversion API
2023-06-16 07:55:22,078 INFO o.a.j.e.StandardJMeterEngine: Starting 1 threads for group Currency conversion API.
2023-06-16 07:55:22,078 INFO o.a.j.e.StandardJMeterEngine: Thread will continue on error
2023-06-16 07:55:22,078 INFO o.a.j.t.ThreadGroup: Starting thread group... number=1 threads=1 ramp-up=1 delayedStart=false
2023-06-16 07:55:22,078 INFO o.a.j.t.ThreadGroup: Started thread group number 1
2023-06-16 07:55:22,102 INFO o.a.j.e.StandardJMeterEngine: All thread groups have been started
2023-06-16 07:55:22,102 INFO o.a.j.t.JMeterThread: Thread started: Currency conversion API 1-1
2023-06-16 07:55:23,130 INFO o.a.j.t.JMeterThread: Thread is done: Currency conversion API 1-1
2023-06-16 07:55:23,130 INFO o.a.j.t.JMeterThread: Thread finished: Currency conversion API 1-1
2023-06-16 07:55:23,132 INFO o.a.j.e.StandardJMeterEngine: Notifying test listeners of end of test
2023-06-16 07:55:23,132 INFO o.a.j.g.u.JMeterMenuBar: setRunning(false, *local*)
2023-06-16 08:11:30,783 INFO o.a.j.e.StandardJMeterEngine: Running the test!
2023-06-16 08:11:30,783 INFO o.a.j.s.SampleEvent: List of sample_variables: []
2023-06-16 08:11:30,784 INFO o.a.j.g.u.JMeterMenuBar: setRunning(true, *local*)
2023-06-16 08:11:30,784 INFO o.a.j.e.StandardJMeterEngine: Starting ThreadGroup: 1 : Currency conversion API
2023-06-16 08:11:30,785 INFO o.a.j.e.StandardJMeterEngine: Starting 1 threads for group Currency conversion API.
2023-06-16 08:11:30,785 INFO o.a.j.e.StandardJMeterEngine: Thread will continue on error
2023-06-16 08:11:30,785 INFO o.a.j.t.ThreadGroup: Starting thread group... number=1 threads=1 ramp-up=1 delayedStart=false
2023-06-16 08:11:30,785 INFO o.a.j.t.ThreadGroup: Started thread group number 1
2023-06-16 08:11:30,785 INFO o.a.j.e.StandardJMeterEngine: All thread groups have been started
2023-06-16 08:11:30,785 INFO o.a.j.t.JMeterThread: Thread started: Currency conversion API 1-1
2023-06-16 08:11:31,674 INFO o.a.j.t.JMeterThread: Thread is done: Currency conversion API 1-1
2023-06-16 08:11:31,675 INFO o.a.j.t.JMeterThread: Thread finished: Currency conversion API 1-1
2023-06-16 08:11:31,676 INFO o.a.j.e.StandardJMeterEngine: Notifying test listeners of end of test
2023-06-16 08:11:31,677 INFO o.a.j.g.u.JMeterMenuBar: setRunning(false, *local*)
2023-06-16 08:12:00,838 INFO o.a.j.e.StandardJMeterEngine: Running the test!
2023-06-16 08:12:00,839 INFO o.a.j.s.SampleEvent: List of sample_variables: []
2023-06-16 08:12:00,839 INFO o.a.j.g.u.JMeterMenuBar: setRunning(true, *local*)
2023-06-16 08:12:00,879 INFO o.a.j.e.StandardJMeterEngine: Starting ThreadGroup: 1 : Currency conversion API
2023-06-16 08:12:00,880 INFO o.a.j.e.StandardJMeterEngine: Starting 1 threads for group Currency conversion API.
2023-06-16 08:12:00,880 INFO o.a.j.e.StandardJMeterEngine: Thread will continue on error
2023-06-16 08:12:00,880 INFO o.a.j.t.ThreadGroup: Starting thread group... number=1 threads=1 ramp-up=1 delayedStart=false
2023-06-16 08:12:00,880 INFO o.a.j.t.ThreadGroup: Started thread group number 1
2023-06-16 08:12:00,880 INFO o.a.j.e.StandardJMeterEngine: All thread groups have been started
2023-06-16 08:12:00,881 INFO o.a.j.t.JMeterThread: Thread started: Currency conversion API 1-1
2023-06-16 08:12:01,820 INFO o.a.j.t.JMeterThread: Thread is done: Currency conversion API 1-1
2023-06-16 08:12:01,820 INFO o.a.j.t.JMeterThread: Thread finished: Currency conversion API 1-1
2023-06-16 08:12:01,821 INFO o.a.j.e.StandardJMeterEngine: Notifying test listeners of end of test
2023-06-16 08:12:01,821 INFO o.a.j.g.u.JMeterMenuBar: setRunning(false, *local*)
2023-06-16 08:15:43,844 INFO o.a.j.e.StandardJMeterEngine: Running the test!
2023-06-16 08:15:43,844 INFO o.a.j.s.SampleEvent: List of sample_variables: []
2023-06-16 08:15:43,845 INFO o.a.j.g.u.JMeterMenuBar: setRunning(true, *local*)
2023-06-16 08:15:43,845 INFO o.a.j.e.StandardJMeterEngine: Starting ThreadGroup: 1 : Currency conversion API
2023-06-16 08:15:43,845 INFO o.a.j.e.StandardJMeterEngine: Starting 1 threads for group Currency conversion API.
2023-06-16 08:15:43,845 INFO o.a.j.e.StandardJMeterEngine: Thread will continue on error
2023-06-16 08:15:43,846 INFO o.a.j.t.ThreadGroup: Starting thread group... number=1 threads=1 ramp-up=1 delayedStart=false
2023-06-16 08:15:43,846 INFO o.a.j.t.ThreadGroup: Started thread group number 1
2023-06-16 08:15:43,846 INFO o.a.j.e.StandardJMeterEngine: All thread groups have been started
2023-06-16 08:15:43,847 INFO o.a.j.t.JMeterThread: Thread started: Currency conversion API 1-1
2023-06-16 08:15:44,792 INFO o.a.j.t.JMeterThread: Thread is done: Currency conversion API 1-1
2023-06-16 08:15:44,793 INFO o.a.j.t.JMeterThread: Thread finished: Currency conversion API 1-1
2023-06-16 08:15:44,793 INFO o.a.j.e.StandardJMeterEngine: Notifying test listeners of end of test
2023-06-16 08:15:44,793 INFO o.a.j.g.u.JMeterMenuBar: setRunning(false, *local*)
2023-06-16 08:34:17,835 INFO o.a.j.e.StandardJMeterEngine: Running the test!
2023-06-16 08:34:17,836 INFO o.a.j.s.SampleEvent: List of sample_variables: []
2023-06-16 08:34:17,837 INFO o.a.j.g.u.JMeterMenuBar: setRunning(true, *local*)
2023-06-16 08:34:17,874 INFO o.a.j.e.StandardJMeterEngine: Starting ThreadGroup: 1 : Currency conversion API
2023-06-16 08:34:17,875 INFO o.a.j.e.StandardJMeterEngine: Starting 1 threads for group Currency conversion API.
2023-06-16 08:34:17,875 INFO o.a.j.e.StandardJMeterEngine: Thread will continue on error
2023-06-16 08:34:17,875 INFO o.a.j.t.ThreadGroup: Starting thread group... number=1 threads=1 ramp-up=1 delayedStart=false
2023-06-16 08:34:17,876 INFO o.a.j.t.ThreadGroup: Started thread group number 1
2023-06-16 08:34:17,876 INFO o.a.j.e.StandardJMeterEngine: All thread groups have been started
2023-06-16 08:34:17,876 INFO o.a.j.t.JMeterThread: Thread started: Currency conversion API 1-1
2023-06-16 08:34:18,927 INFO o.a.j.t.JMeterThread: Thread is done: Currency conversion API 1-1
2023-06-16 08:34:18,927 INFO o.a.j.t.JMeterThread: Thread finished: Currency conversion API 1-1
2023-06-16 08:34:18,952 INFO o.a.j.e.StandardJMeterEngine: Notifying test listeners of end of test
2023-06-16 08:34:18,952 INFO o.a.j.g.u.JMeterMenuBar: setRunning(false, *local*)
2023-06-16 08:42:05,932 INFO o.a.j.e.StandardJMeterEngine: Running the test!
2023-06-16 08:42:05,932 INFO o.a.j.s.SampleEvent: List of sample_variables: []
2023-06-16 08:42:05,933 INFO o.a.j.g.u.JMeterMenuBar: setRunning(true, *local*)
2023-06-16 08:42:05,935 INFO o.a.j.e.StandardJMeterEngine: Starting ThreadGroup: 1 : Currency conversion API
2023-06-16 08:42:05,935 INFO o.a.j.e.StandardJMeterEngine: Starting 1 threads for group Currency conversion API.
2023-06-16 08:42:05,935 INFO o.a.j.e.StandardJMeterEngine: Thread will continue on error
2023-06-16 08:42:05,935 INFO o.a.j.t.ThreadGroup: Starting thread group... number=1 threads=1 ramp-up=1 delayedStart=false
2023-06-16 08:42:05,936 INFO o.a.j.t.ThreadGroup: Started thread group number 1
2023-06-16 08:42:05,936 INFO o.a.j.e.StandardJMeterEngine: All thread groups have been started
2023-06-16 08:42:05,984 INFO o.a.j.t.JMeterThread: Thread started: Currency conversion API 1-1
2023-06-16 08:42:06,923 INFO o.a.j.t.JMeterThread: Thread is done: Currency conversion API 1-1
2023-06-16 08:42:06,924 INFO o.a.j.t.JMeterThread: Thread finished: Currency conversion API 1-1
2023-06-16 08:42:06,925 INFO o.a.j.e.StandardJMeterEngine: Notifying test listeners of end of test
2023-06-16 08:42:06,925 INFO o.a.j.g.u.JMeterMenuBar: setRunning(false, *local*)
2023-06-16 08:47:15,876 INFO o.a.j.e.StandardJMeterEngine: Running the test!
2023-06-16 08:47:15,876 INFO o.a.j.s.SampleEvent: List of sample_variables: []
2023-06-16 08:47:15,877 INFO o.a.j.g.u.JMeterMenuBar: setRunning(true, *local*)
2023-06-16 08:47:15,917 INFO o.a.j.e.StandardJMeterEngine: Starting ThreadGroup: 1 : Currency conversion API
2023-06-16 08:47:15,917 INFO o.a.j.e.StandardJMeterEngine: Starting 1 threads for group Currency conversion API.
2023-06-16 08:47:15,917 INFO o.a.j.e.StandardJMeterEngine: Thread will continue on error
2023-06-16 08:47:15,917 INFO o.a.j.t.ThreadGroup: Starting thread group... number=1 threads=1 ramp-up=1 delayedStart=false
2023-06-16 08:47:15,918 INFO o.a.j.t.ThreadGroup: Started thread group number 1
2023-06-16 08:47:15,918 INFO o.a.j.e.StandardJMeterEngine: All thread groups have been started
2023-06-16 08:47:15,919 INFO o.a.j.t.JMeterThread: Thread started: Currency conversion API 1-1
2023-06-16 08:47:16,890 INFO o.a.j.t.JMeterThread: Thread is done: Currency conversion API 1-1
2023-06-16 08:47:16,890 INFO o.a.j.t.JMeterThread: Thread finished: Currency conversion API 1-1
2023-06-16 08:47:16,890 INFO o.a.j.e.StandardJMeterEngine: Notifying test listeners of end of test
2023-06-16 08:47:16,890 INFO o.a.j.g.u.JMeterMenuBar: setRunning(false, *local*)
2023-06-16 10:55:29,739 INFO o.a.j.e.StandardJMeterEngine: Running the test!
2023-06-16 10:55:29,743 INFO o.a.j.s.SampleEvent: List of sample_variables: []
2023-06-16 10:55:29,745 INFO o.a.j.g.u.JMeterMenuBar: setRunning(true, *local*)
2023-06-16 10:55:29,898 INFO o.a.j.e.StandardJMeterEngine: Starting ThreadGroup: 1 : Currency conversion API
2023-06-16 10:55:29,898 INFO o.a.j.e.StandardJMeterEngine: Starting 1 threads for group Currency conversion API.
2023-06-16 10:55:29,898 INFO o.a.j.e.StandardJMeterEngine: Thread will continue on error
2023-06-16 10:55:29,898 INFO o.a.j.t.ThreadGroup: Starting thread group... number=1 threads=1 ramp-up=1 delayedStart=false
2023-06-16 10:55:29,899 INFO o.a.j.t.ThreadGroup: Started thread group number 1
2023-06-16 10:55:29,899 INFO o.a.j.e.StandardJMeterEngine: All thread groups have been started
2023-06-16 10:55:29,900 INFO o.a.j.t.JMeterThread: Thread started: Currency conversion API 1-1
2023-06-16 10:55:30,868 INFO o.a.j.t.JMeterThread: Thread is done: Currency conversion API 1-1
2023-06-16 10:55:30,869 INFO o.a.j.t.JMeterThread: Thread finished: Currency conversion API 1-1
2023-06-16 10:55:30,869 INFO o.a.j.e.StandardJMeterEngine: Notifying test listeners of end of test
2023-06-16 10:55:30,869 INFO o.a.j.g.u.JMeterMenuBar: setRunning(false, *local*)
2023-06-16 12:53:36,002 INFO o.a.j.e.StandardJMeterEngine: Running the test!
2023-06-16 12:53:36,003 INFO o.a.j.s.SampleEvent: List of sample_variables: []
2023-06-16 12:53:36,003 INFO o.a.j.g.u.JMeterMenuBar: setRunning(true, *local*)
2023-06-16 12:53:36,057 INFO o.a.j.e.StandardJMeterEngine: Starting ThreadGroup: 1 : Currency conversion API
2023-06-16 12:53:36,057 INFO o.a.j.e.StandardJMeterEngine: Starting 1 threads for group Currency conversion API.
2023-06-16 12:53:36,057 INFO o.a.j.e.StandardJMeterEngine: Thread will continue on error
2023-06-16 12:53:36,057 INFO o.a.j.t.ThreadGroup: Starting thread group... number=1 threads=1 ramp-up=1 delayedStart=false
2023-06-16 12:53:36,057 INFO o.a.j.t.ThreadGroup: Started thread group number 1
2023-06-16 12:53:36,058 INFO o.a.j.e.StandardJMeterEngine: All thread groups have been started
2023-06-16 12:53:36,080 INFO o.a.j.t.JMeterThread: Thread started: Currency conversion API 1-1
2023-06-16 12:53:37,161 INFO o.a.j.t.JMeterThread: Thread is done: Currency conversion API 1-1
2023-06-16 12:53:37,161 INFO o.a.j.t.JMeterThread: Thread finished: Currency conversion API 1-1
2023-06-16 12:53:37,161 INFO o.a.j.e.StandardJMeterEngine: Notifying test listeners of end of test
2023-06-16 12:53:37,161 INFO o.a.j.g.u.JMeterMenuBar: setRunning(false, *local*)
2023-06-16 12:54:15,523 INFO o.a.j.g.a.Load: Loading file: D:\Soft\apache-jmeter-5.5\apache-jmeter-5.5\bin\TrelloTests.jmx
2023-06-16 12:54:15,523 INFO o.a.j.s.FileServer: Set new base='D:\Soft\apache-jmeter-5.5\apache-jmeter-5.5\bin'
2023-06-16 12:54:15,523 INFO o.a.j.s.SaveService: Loading file: D:\Soft\apache-jmeter-5.5\apache-jmeter-5.5\bin\TrelloTests.jmx
2023-06-16 12:54:16,892 INFO o.a.j.v.ViewResultsFullVisualizer: Add JavaFX to your Java installation if you want to use renderer: org.apache.jmeter.visualizers.RenderInBrowser
2023-06-16 12:54:17,032 INFO o.a.j.s.FileServer: Set new base='D:\Soft\apache-jmeter-5.5\apache-jmeter-5.5\bin'
2023-06-16 12:54:19,583 INFO o.a.j.e.StandardJMeterEngine: Running the test!
2023-06-16 12:54:19,583 INFO o.a.j.s.SampleEvent: List of sample_variables: []
2023-06-16 12:54:19,584 INFO o.a.j.g.u.JMeterMenuBar: setRunning(true, *local*)
2023-06-16 12:54:19,739 INFO o.a.j.e.StandardJMeterEngine: Starting ThreadGroup: 1 : Trello API Tread Group
2023-06-16 12:54:19,739 INFO o.a.j.e.StandardJMeterEngine: Starting 1 threads for group Trello API Tread Group.
2023-06-16 12:54:19,739 INFO o.a.j.e.StandardJMeterEngine: Thread will continue on error
2023-06-16 12:54:19,739 INFO o.a.j.t.ThreadGroup: Starting thread group... number=1 threads=1 ramp-up=1 delayedStart=false
2023-06-16 12:54:19,739 INFO o.a.j.t.ThreadGroup: Started thread group number 1
2023-06-16 12:54:19,739 INFO o.a.j.e.StandardJMeterEngine: All thread groups have been started
2023-06-16 12:54:19,740 INFO o.a.j.t.JMeterThread: Thread started: Trello API Tread Group 1-1
2023-06-16 12:54:22,761 INFO o.a.j.t.JMeterThread: Thread is done: Trello API Tread Group 1-1
2023-06-16 12:54:22,761 INFO o.a.j.t.JMeterThread: Thread finished: Trello API Tread Group 1-1
2023-06-16 12:54:22,762 INFO o.a.j.e.StandardJMeterEngine: Notifying test listeners of end of test
2023-06-16 12:54:22,762 INFO o.a.j.g.u.JMeterMenuBar: setRunning(false, *local*)
2023-06-16 12:54:52,306 INFO o.a.j.v.ViewResultsFullVisualizer: Add JavaFX to your Java installation if you want to use renderer: org.apache.jmeter.visualizers.RenderInBrowser
2023-06-16 12:54:52,334 INFO o.a.j.g.a.Load: Loading file: D:\Soft\apache-jmeter-5.5\apache-jmeter-5.5\bin\Currency conversion.jmx
2023-06-16 12:54:52,334 INFO o.a.j.s.FileServer: Set new base='D:\Soft\apache-jmeter-5.5\apache-jmeter-5.5\bin'
2023-06-16 12:54:52,334 INFO o.a.j.s.SaveService: Loading file: D:\Soft\apache-jmeter-5.5\apache-jmeter-5.5\bin\Currency conversion.jmx
2023-06-16 12:54:52,388 INFO o.a.j.v.ViewResultsFullVisualizer: Add JavaFX to your Java installation if you want to use renderer: org.apache.jmeter.visualizers.RenderInBrowser
2023-06-16 12:54:52,428 INFO o.a.j.s.FileServer: Set new base='D:\Soft\apache-jmeter-5.5\apache-jmeter-5.5\bin'
2023-06-16 12:55:00,351 INFO o.a.j.e.StandardJMeterEngine: Running the test!
2023-06-16 12:55:00,352 INFO o.a.j.s.SampleEvent: List of sample_variables: []
2023-06-16 12:55:00,352 INFO o.a.j.g.u.JMeterMenuBar: setRunning(true, *local*)
2023-06-16 12:55:00,353 INFO o.a.j.e.StandardJMeterEngine: Starting ThreadGroup: 1 : Currency conversion API
2023-06-16 12:55:00,353 INFO o.a.j.e.StandardJMeterEngine: Starting 1 threads for group Currency conversion API.
2023-06-16 12:55:00,353 INFO o.a.j.e.StandardJMeterEngine: Thread will continue on error
2023-06-16 12:55:00,353 INFO o.a.j.t.ThreadGroup: Starting thread group... number=1 threads=1 ramp-up=1 delayedStart=false
2023-06-16 12:55:00,353 INFO o.a.j.t.ThreadGroup: Started thread group number 1
2023-06-16 12:55:00,353 INFO o.a.j.e.StandardJMeterEngine: All thread groups have been started
2023-06-16 12:55:00,354 INFO o.a.j.t.JMeterThread: Thread started: Currency conversion API 1-1
2023-06-16 12:55:01,263 INFO o.a.j.t.JMeterThread: Thread is done: Currency conversion API 1-1
2023-06-16 12:55:01,263 INFO o.a.j.t.JMeterThread: Thread finished: Currency conversion API 1-1
2023-06-16 12:55:01,264 INFO o.a.j.e.StandardJMeterEngine: Notifying test listeners of end of test
2023-06-16 12:55:01,264 INFO o.a.j.g.u.JMeterMenuBar: setRunning(false, *local*)
